{"C:\\Users\\RugvedDeva\\OneDrive - Bounteous\\Desktop\\New folder\\PRACTICE\\New folder\\backend\\src\\controllers\\auth.controller.ts": {"path":"C:\\Users\\RugvedDeva\\OneDrive - Bounteous\\Desktop\\New folder\\PRACTICE\\New folder\\backend\\src\\controllers\\auth.controller.ts","statementMap":{"0":{"start":{"line":2,"column":0},"end":{"line":2,"column":49}},"1":{"start":{"line":3,"column":0},"end":{"line":3,"column":45}},"2":{"start":{"line":11,"column":28},"end":{"line":15,"column":1}},"3":{"start":{"line":12,"column":2},"end":{"line":14,"column":5}},"4":{"start":{"line":17,"column":29},"end":{"line":21,"column":1}},"5":{"start":{"line":18,"column":2},"end":{"line":20,"column":5}},"6":{"start":{"line":26,"column":24},"end":{"line":35,"column":1}},"7":{"start":{"line":27,"column":2},"end":{"line":34,"column":3}},"8":{"start":{"line":28,"column":49},"end":{"line":28,"column":57}},"9":{"start":{"line":29,"column":17},"end":{"line":29,"column":63}},"10":{"start":{"line":30,"column":4},"end":{"line":30,"column":22}},"11":{"start":{"line":31,"column":4},"end":{"line":31,"column":58}},"12":{"start":{"line":33,"column":4},"end":{"line":33,"column":76}},"13":{"start":{"line":26,"column":13},"end":{"line":26,"column":24}},"14":{"start":{"line":40,"column":21},"end":{"line":70,"column":1}},"15":{"start":{"line":41,"column":2},"end":{"line":69,"column":3}},"16":{"start":{"line":42,"column":35},"end":{"line":42,"column":43}},"17":{"start":{"line":44,"column":18},"end":{"line":44,"column":50}},"18":{"start":{"line":46,"column":4},"end":{"line":66,"column":5}},"19":{"start":{"line":47,"column":21},"end":{"line":47,"column":40}},"20":{"start":{"line":48,"column":26},"end":{"line":48,"column":53}},"21":{"start":{"line":49,"column":27},"end":{"line":49,"column":55}},"22":{"start":{"line":51,"column":6},"end":{"line":51,"column":39}},"23":{"start":{"line":52,"column":6},"end":{"line":52,"column":24}},"24":{"start":{"line":54,"column":6},"end":{"line":63,"column":9}},"25":{"start":{"line":65,"column":6},"end":{"line":65,"column":63}},"26":{"start":{"line":68,"column":4},"end":{"line":68,"column":70}},"27":{"start":{"line":40,"column":13},"end":{"line":40,"column":21}},"28":{"start":{"line":75,"column":28},"end":{"line":107,"column":1}},"29":{"start":{"line":76,"column":20},"end":{"line":76,"column":28}},"30":{"start":{"line":77,"column":2},"end":{"line":80,"column":3}},"31":{"start":{"line":78,"column":4},"end":{"line":78,"column":64}},"32":{"start":{"line":79,"column":4},"end":{"line":79,"column":11}},"33":{"start":{"line":82,"column":2},"end":{"line":106,"column":3}},"34":{"start":{"line":83,"column":18},"end":{"line":83,"column":61}},"35":{"start":{"line":84,"column":4},"end":{"line":87,"column":5}},"36":{"start":{"line":85,"column":6},"end":{"line":85,"column":65}},"37":{"start":{"line":86,"column":6},"end":{"line":86,"column":13}},"38":{"start":{"line":89,"column":4},"end":{"line":103,"column":6}},"39":{"start":{"line":94,"column":8},"end":{"line":97,"column":9}},"40":{"start":{"line":95,"column":10},"end":{"line":95,"column":80}},"41":{"start":{"line":96,"column":10},"end":{"line":96,"column":17}},"42":{"start":{"line":99,"column":23},"end":{"line":99,"column":44}},"43":{"start":{"line":100,"column":28},"end":{"line":100,"column":51}},"44":{"start":{"line":101,"column":8},"end":{"line":101,"column":34}},"45":{"start":{"line":105,"column":4},"end":{"line":105,"column":76}},"46":{"start":{"line":75,"column":13},"end":{"line":75,"column":28}},"47":{"start":{"line":113,"column":22},"end":{"line":125,"column":1}},"48":{"start":{"line":114,"column":20},"end":{"line":114,"column":28}},"49":{"start":{"line":115,"column":2},"end":{"line":124,"column":3}},"50":{"start":{"line":116,"column":18},"end":{"line":116,"column":61}},"51":{"start":{"line":117,"column":4},"end":{"line":120,"column":5}},"52":{"start":{"line":118,"column":6},"end":{"line":118,"column":36}},"53":{"start":{"line":119,"column":6},"end":{"line":119,"column":24}},"54":{"start":{"line":121,"column":4},"end":{"line":121,"column":53}},"55":{"start":{"line":123,"column":4},"end":{"line":123,"column":71}},"56":{"start":{"line":113,"column":13},"end":{"line":113,"column":22}}},"fnMap":{"0":{"name":"(anonymous_1)","decl":{"start":{"line":11,"column":28},"end":{"line":11,"column":29}},"loc":{"start":{"line":11,"column":51},"end":{"line":15,"column":1}}},"1":{"name":"(anonymous_2)","decl":{"start":{"line":17,"column":29},"end":{"line":17,"column":30}},"loc":{"start":{"line":17,"column":52},"end":{"line":21,"column":1}}},"2":{"name":"(anonymous_3)","decl":{"start":{"line":26,"column":24},"end":{"line":26,"column":29}},"loc":{"start":{"line":26,"column":77},"end":{"line":35,"column":1}}},"3":{"name":"(anonymous_4)","decl":{"start":{"line":40,"column":21},"end":{"line":40,"column":26}},"loc":{"start":{"line":40,"column":74},"end":{"line":70,"column":1}}},"4":{"name":"(anonymous_5)","decl":{"start":{"line":75,"column":28},"end":{"line":75,"column":33}},"loc":{"start":{"line":75,"column":81},"end":{"line":107,"column":1}}},"5":{"name":"(anonymous_6)","decl":{"start":{"line":93,"column":6},"end":{"line":93,"column":7}},"loc":{"start":{"line":93,"column":53},"end":{"line":102,"column":7}}},"6":{"name":"(anonymous_7)","decl":{"start":{"line":113,"column":22},"end":{"line":113,"column":27}},"loc":{"start":{"line":113,"column":75},"end":{"line":125,"column":1}}}},"branchMap":{"0":{"loc":{"start":{"line":12,"column":26},"end":{"line":12,"column":60}},"type":"binary-expr","locations":[{"start":{"line":12,"column":26},"end":{"line":12,"column":48}},{"start":{"line":12,"column":52},"end":{"line":12,"column":60}}]},"1":{"loc":{"start":{"line":18,"column":26},"end":{"line":18,"column":75}},"type":"binary-expr","locations":[{"start":{"line":18,"column":26},"end":{"line":18,"column":56}},{"start":{"line":18,"column":60},"end":{"line":18,"column":75}}]},"2":{"loc":{"start":{"line":46,"column":4},"end":{"line":66,"column":5}},"type":"if","locations":[{"start":{"line":46,"column":4},"end":{"line":66,"column":5}},{"start":{"line":64,"column":11},"end":{"line":66,"column":5}}]},"3":{"loc":{"start":{"line":46,"column":8},"end":{"line":46,"column":52}},"type":"binary-expr","locations":[{"start":{"line":46,"column":8},"end":{"line":46,"column":12}},{"start":{"line":46,"column":17},"end":{"line":46,"column":51}}]},"4":{"loc":{"start":{"line":77,"column":2},"end":{"line":80,"column":3}},"type":"if","locations":[{"start":{"line":77,"column":2},"end":{"line":80,"column":3}},{"start":{},"end":{}}]},"5":{"loc":{"start":{"line":84,"column":4},"end":{"line":87,"column":5}},"type":"if","locations":[{"start":{"line":84,"column":4},"end":{"line":87,"column":5}},{"start":{},"end":{}}]},"6":{"loc":{"start":{"line":91,"column":7},"end":{"line":91,"column":56}},"type":"binary-expr","locations":[{"start":{"line":91,"column":7},"end":{"line":91,"column":37}},{"start":{"line":91,"column":41},"end":{"line":91,"column":56}}]},"7":{"loc":{"start":{"line":94,"column":8},"end":{"line":97,"column":9}},"type":"if","locations":[{"start":{"line":94,"column":8},"end":{"line":97,"column":9}},{"start":{},"end":{}}]},"8":{"loc":{"start":{"line":94,"column":12},"end":{"line":94,"column":80}},"type":"binary-expr","locations":[{"start":{"line":94,"column":12},"end":{"line":94,"column":15}},{"start":{"line":94,"column":19},"end":{"line":94,"column":27}},{"start":{"line":94,"column":31},"end":{"line":94,"column":58}},{"start":{"line":94,"column":62},"end":{"line":94,"column":80}}]},"9":{"loc":{"start":{"line":117,"column":4},"end":{"line":120,"column":5}},"type":"if","locations":[{"start":{"line":117,"column":4},"end":{"line":120,"column":5}},{"start":{},"end":{}}]}},"s":{"0":1,"1":1,"2":1,"3":2,"4":1,"5":1,"6":1,"7":1,"8":1,"9":1,"10":1,"11":1,"12":0,"13":1,"14":1,"15":2,"16":2,"17":2,"18":2,"19":1,"20":1,"21":1,"22":1,"23":1,"24":1,"25":1,"26":0,"27":1,"28":1,"29":2,"30":2,"31":0,"32":0,"33":2,"34":2,"35":2,"36":1,"37":1,"38":1,"39":1,"40":0,"41":0,"42":1,"43":1,"44":1,"45":0,"46":1,"47":1,"48":1,"49":1,"50":1,"51":1,"52":1,"53":1,"54":1,"55":0,"56":1},"f":{"0":2,"1":1,"2":1,"3":2,"4":2,"5":1,"6":1},"b":{"0":[2,2],"1":[1,1],"2":[1,1],"3":[2,1],"4":[0,2],"5":[1,1],"6":[1,1],"7":[0,1],"8":[1,1,1,1],"9":[1,0]}}
,"C:\\Users\\RugvedDeva\\OneDrive - Bounteous\\Desktop\\New folder\\PRACTICE\\New folder\\backend\\src\\controllers\\cart.controller.ts": {"path":"C:\\Users\\RugvedDeva\\OneDrive - Bounteous\\Desktop\\New folder\\PRACTICE\\New folder\\backend\\src\\controllers\\cart.controller.ts","statementMap":{"0":{"start":{"line":3,"column":0},"end":{"line":3,"column":49}},"1":{"start":{"line":7,"column":25},"end":{"line":42,"column":1}},"2":{"start":{"line":8,"column":2},"end":{"line":41,"column":3}},"3":{"start":{"line":9,"column":39},"end":{"line":9,"column":47}},"4":{"start":{"line":10,"column":19},"end":{"line":10,"column":31}},"5":{"start":{"line":12,"column":4},"end":{"line":14,"column":5}},"6":{"start":{"line":13,"column":6},"end":{"line":13,"column":77}},"7":{"start":{"line":16,"column":15},"end":{"line":16,"column":45}},"8":{"start":{"line":18,"column":4},"end":{"line":20,"column":5}},"9":{"start":{"line":19,"column":6},"end":{"line":19,"column":45}},"10":{"start":{"line":22,"column":18},"end":{"line":22,"column":62}},"11":{"start":{"line":25,"column":25},"end":{"line":28,"column":null}},"12":{"start":{"line":27,"column":8},"end":{"line":28,"column":26}},"13":{"start":{"line":31,"column":4},"end":{"line":33,"column":5}},"14":{"start":{"line":32,"column":6},"end":{"line":32,"column":85}},"15":{"start":{"line":35,"column":4},"end":{"line":35,"column":56}},"16":{"start":{"line":36,"column":4},"end":{"line":36,"column":22}},"17":{"start":{"line":38,"column":4},"end":{"line":38,"column":54}},"18":{"start":{"line":40,"column":4},"end":{"line":40,"column":74}},"19":{"start":{"line":7,"column":13},"end":{"line":7,"column":25}},"20":{"start":{"line":45,"column":23},"end":{"line":61,"column":1}},"21":{"start":{"line":46,"column":2},"end":{"line":60,"column":3}},"22":{"start":{"line":47,"column":19},"end":{"line":47,"column":31}},"23":{"start":{"line":49,"column":4},"end":{"line":51,"column":5}},"24":{"start":{"line":50,"column":6},"end":{"line":50,"column":77}},"25":{"start":{"line":53,"column":17},"end":{"line":53,"column":75}},"26":{"start":{"line":55,"column":4},"end":{"line":55,"column":46}},"27":{"start":{"line":55,"column":15},"end":{"line":55,"column":46}},"28":{"start":{"line":57,"column":4},"end":{"line":57,"column":19}},"29":{"start":{"line":59,"column":4},"end":{"line":59,"column":73}},"30":{"start":{"line":45,"column":13},"end":{"line":45,"column":23}},"31":{"start":{"line":64,"column":30},"end":{"line":96,"column":1}},"32":{"start":{"line":65,"column":2},"end":{"line":95,"column":3}},"33":{"start":{"line":66,"column":19},"end":{"line":66,"column":31}},"34":{"start":{"line":67,"column":23},"end":{"line":67,"column":33}},"35":{"start":{"line":69,"column":4},"end":{"line":71,"column":5}},"36":{"start":{"line":70,"column":6},"end":{"line":70,"column":77}},"37":{"start":{"line":73,"column":17},"end":{"line":73,"column":47}},"38":{"start":{"line":74,"column":4},"end":{"line":74,"column":74}},"39":{"start":{"line":74,"column":15},"end":{"line":74,"column":74}},"40":{"start":{"line":76,"column":18},"end":{"line":76,"column":62}},"41":{"start":{"line":79,"column":22},"end":{"line":80,"column":null}},"42":{"start":{"line":80,"column":27},"end":{"line":80,"column":57}},"43":{"start":{"line":83,"column":4},"end":{"line":85,"column":5}},"44":{"start":{"line":84,"column":6},"end":{"line":84,"column":73}},"45":{"start":{"line":87,"column":4},"end":{"line":87,"column":31}},"46":{"start":{"line":88,"column":4},"end":{"line":88,"column":23}},"47":{"start":{"line":90,"column":4},"end":{"line":90,"column":22}},"48":{"start":{"line":92,"column":4},"end":{"line":92,"column":58}},"49":{"start":{"line":94,"column":4},"end":{"line":94,"column":78}},"50":{"start":{"line":64,"column":13},"end":{"line":64,"column":30}}},"fnMap":{"0":{"name":"(anonymous_1)","decl":{"start":{"line":7,"column":25},"end":{"line":7,"column":30}},"loc":{"start":{"line":7,"column":67},"end":{"line":42,"column":1}}},"1":{"name":"(anonymous_2)","decl":{"start":{"line":26,"column":6},"end":{"line":26,"column":7}},"loc":{"start":{"line":27,"column":8},"end":{"line":28,"column":26}}},"2":{"name":"(anonymous_3)","decl":{"start":{"line":45,"column":23},"end":{"line":45,"column":28}},"loc":{"start":{"line":45,"column":65},"end":{"line":61,"column":1}}},"3":{"name":"(anonymous_4)","decl":{"start":{"line":64,"column":30},"end":{"line":64,"column":35}},"loc":{"start":{"line":64,"column":72},"end":{"line":96,"column":1}}},"4":{"name":"(anonymous_5)","decl":{"start":{"line":80,"column":6},"end":{"line":80,"column":7}},"loc":{"start":{"line":80,"column":27},"end":{"line":80,"column":57}}}},"branchMap":{"0":{"loc":{"start":{"line":12,"column":4},"end":{"line":14,"column":5}},"type":"if","locations":[{"start":{"line":12,"column":4},"end":{"line":14,"column":5}},{"start":{},"end":{}}]},"1":{"loc":{"start":{"line":18,"column":4},"end":{"line":20,"column":5}},"type":"if","locations":[{"start":{"line":18,"column":4},"end":{"line":20,"column":5}},{"start":{},"end":{}}]},"2":{"loc":{"start":{"line":27,"column":8},"end":{"line":28,"column":26}},"type":"binary-expr","locations":[{"start":{"line":27,"column":8},"end":{"line":27,"column":47}},{"start":{"line":28,"column":8},"end":{"line":28,"column":26}}]},"3":{"loc":{"start":{"line":31,"column":4},"end":{"line":33,"column":5}},"type":"if","locations":[{"start":{"line":31,"column":4},"end":{"line":33,"column":5}},{"start":{},"end":{}}]},"4":{"loc":{"start":{"line":49,"column":4},"end":{"line":51,"column":5}},"type":"if","locations":[{"start":{"line":49,"column":4},"end":{"line":51,"column":5}},{"start":{},"end":{}}]},"5":{"loc":{"start":{"line":55,"column":4},"end":{"line":55,"column":46}},"type":"if","locations":[{"start":{"line":55,"column":4},"end":{"line":55,"column":46}},{"start":{},"end":{}}]},"6":{"loc":{"start":{"line":69,"column":4},"end":{"line":71,"column":5}},"type":"if","locations":[{"start":{"line":69,"column":4},"end":{"line":71,"column":5}},{"start":{},"end":{}}]},"7":{"loc":{"start":{"line":74,"column":4},"end":{"line":74,"column":74}},"type":"if","locations":[{"start":{"line":74,"column":4},"end":{"line":74,"column":74}},{"start":{},"end":{}}]},"8":{"loc":{"start":{"line":83,"column":4},"end":{"line":85,"column":5}},"type":"if","locations":[{"start":{"line":83,"column":4},"end":{"line":85,"column":5}},{"start":{},"end":{}}]}},"s":{"0":1,"1":1,"2":2,"3":2,"4":2,"5":2,"6":0,"7":2,"8":2,"9":0,"10":2,"11":2,"12":1,"13":2,"14":1,"15":1,"16":1,"17":1,"18":0,"19":1,"20":1,"21":2,"22":2,"23":2,"24":0,"25":2,"26":2,"27":1,"28":1,"29":0,"30":1,"31":1,"32":3,"33":3,"34":3,"35":3,"36":0,"37":3,"38":3,"39":1,"40":2,"41":2,"42":2,"43":2,"44":1,"45":1,"46":1,"47":1,"48":1,"49":0,"50":1},"f":{"0":2,"1":1,"2":2,"3":3,"4":2},"b":{"0":[0,2],"1":[0,2],"2":[1,1],"3":[1,1],"4":[0,2],"5":[1,1],"6":[0,3],"7":[1,2],"8":[1,1]}}
,"C:\\Users\\RugvedDeva\\OneDrive - Bounteous\\Desktop\\New folder\\PRACTICE\\New folder\\backend\\src\\controllers\\checkout.controller.ts": {"path":"C:\\Users\\RugvedDeva\\OneDrive - Bounteous\\Desktop\\New folder\\PRACTICE\\New folder\\backend\\src\\controllers\\checkout.controller.ts","statementMap":{"0":{"start":{"line":2,"column":0},"end":{"line":2,"column":49}},"1":{"start":{"line":3,"column":0},"end":{"line":3,"column":42}},"2":{"start":{"line":6,"column":24},"end":{"line":47,"column":1}},"3":{"start":{"line":7,"column":2},"end":{"line":46,"column":3}},"4":{"start":{"line":8,"column":19},"end":{"line":8,"column":31}},"5":{"start":{"line":10,"column":4},"end":{"line":12,"column":5}},"6":{"start":{"line":11,"column":6},"end":{"line":11,"column":77}},"7":{"start":{"line":14,"column":17},"end":{"line":14,"column":75}},"8":{"start":{"line":16,"column":4},"end":{"line":18,"column":5}},"9":{"start":{"line":17,"column":6},"end":{"line":17,"column":64}},"10":{"start":{"line":21,"column":18},"end":{"line":21,"column":90}},"11":{"start":{"line":21,"column":70},"end":{"line":21,"column":86}},"12":{"start":{"line":23,"column":18},"end":{"line":27,"column":6}},"13":{"start":{"line":29,"column":4},"end":{"line":29,"column":23}},"14":{"start":{"line":31,"column":4},"end":{"line":31,"column":54}},"15":{"start":{"line":33,"column":4},"end":{"line":38,"column":5}},"16":{"start":{"line":34,"column":6},"end":{"line":34,"column":62}},"17":{"start":{"line":35,"column":6},"end":{"line":37,"column":9}},"18":{"start":{"line":39,"column":4},"end":{"line":45,"column":5}},"19":{"start":{"line":40,"column":6},"end":{"line":40,"column":44}},"20":{"start":{"line":41,"column":6},"end":{"line":41,"column":85}},"21":{"start":{"line":43,"column":6},"end":{"line":43,"column":59}},"22":{"start":{"line":44,"column":6},"end":{"line":44,"column":65}},"23":{"start":{"line":6,"column":13},"end":{"line":6,"column":24}}},"fnMap":{"0":{"name":"(anonymous_1)","decl":{"start":{"line":6,"column":24},"end":{"line":6,"column":29}},"loc":{"start":{"line":6,"column":66},"end":{"line":47,"column":1}}},"1":{"name":"(anonymous_2)","decl":{"start":{"line":21,"column":36},"end":{"line":21,"column":37}},"loc":{"start":{"line":21,"column":70},"end":{"line":21,"column":86}}}},"branchMap":{"0":{"loc":{"start":{"line":10,"column":4},"end":{"line":12,"column":5}},"type":"if","locations":[{"start":{"line":10,"column":4},"end":{"line":12,"column":5}},{"start":{},"end":{}}]},"1":{"loc":{"start":{"line":16,"column":4},"end":{"line":18,"column":5}},"type":"if","locations":[{"start":{"line":16,"column":4},"end":{"line":18,"column":5}},{"start":{},"end":{}}]},"2":{"loc":{"start":{"line":16,"column":8},"end":{"line":16,"column":40}},"type":"binary-expr","locations":[{"start":{"line":16,"column":8},"end":{"line":16,"column":13}},{"start":{"line":16,"column":17},"end":{"line":16,"column":40}}]},"3":{"loc":{"start":{"line":33,"column":4},"end":{"line":38,"column":5}},"type":"if","locations":[{"start":{"line":33,"column":4},"end":{"line":38,"column":5}},{"start":{},"end":{}}]},"4":{"loc":{"start":{"line":33,"column":8},"end":{"line":33,"column":59}},"type":"binary-expr","locations":[{"start":{"line":33,"column":8},"end":{"line":33,"column":28}},{"start":{"line":33,"column":32},"end":{"line":33,"column":59}}]},"5":{"loc":{"start":{"line":39,"column":4},"end":{"line":45,"column":5}},"type":"if","locations":[{"start":{"line":39,"column":4},"end":{"line":45,"column":5}},{"start":{"line":42,"column":11},"end":{"line":45,"column":5}}]}},"s":{"0":1,"1":1,"2":1,"3":5,"4":5,"5":5,"6":1,"7":4,"8":4,"9":1,"10":3,"11":4,"12":3,"13":3,"14":1,"15":2,"16":1,"17":1,"18":1,"19":1,"20":1,"21":0,"22":0,"23":1},"f":{"0":5,"1":4},"b":{"0":[1,4],"1":[1,3],"2":[4,4],"3":[1,1],"4":[2,2],"5":[1,0]}}
,"C:\\Users\\RugvedDeva\\OneDrive - Bounteous\\Desktop\\New folder\\PRACTICE\\New folder\\backend\\src\\controllers\\content.controller.ts": {"path":"C:\\Users\\RugvedDeva\\OneDrive - Bounteous\\Desktop\\New folder\\PRACTICE\\New folder\\backend\\src\\controllers\\content.controller.ts","statementMap":{"0":{"start":{"line":3,"column":0},"end":{"line":3,"column":40}},"1":{"start":{"line":9,"column":29},"end":{"line":20,"column":1}},"2":{"start":{"line":10,"column":2},"end":{"line":19,"column":3}},"3":{"start":{"line":11,"column":21},"end":{"line":11,"column":41}},"4":{"start":{"line":12,"column":4},"end":{"line":12,"column":23}},"5":{"start":{"line":14,"column":4},"end":{"line":18,"column":5}},"6":{"start":{"line":15,"column":6},"end":{"line":15,"column":86}},"7":{"start":{"line":17,"column":6},"end":{"line":17,"column":66}},"8":{"start":{"line":9,"column":13},"end":{"line":9,"column":29}},"9":{"start":{"line":23,"column":36},"end":{"line":35,"column":1}},"10":{"start":{"line":24,"column":2},"end":{"line":34,"column":3}},"11":{"start":{"line":25,"column":25},"end":{"line":25,"column":35}},"12":{"start":{"line":26,"column":21},"end":{"line":26,"column":53}},"13":{"start":{"line":27,"column":4},"end":{"line":27,"column":23}},"14":{"start":{"line":29,"column":4},"end":{"line":33,"column":5}},"15":{"start":{"line":30,"column":6},"end":{"line":30,"column":98}},"16":{"start":{"line":32,"column":6},"end":{"line":32,"column":78}},"17":{"start":{"line":23,"column":13},"end":{"line":23,"column":36}},"18":{"start":{"line":38,"column":30},"end":{"line":53,"column":1}},"19":{"start":{"line":39,"column":2},"end":{"line":52,"column":3}},"20":{"start":{"line":40,"column":19},"end":{"line":40,"column":29}},"21":{"start":{"line":41,"column":20},"end":{"line":43,"column":45}},"22":{"start":{"line":44,"column":4},"end":{"line":44,"column":80}},"23":{"start":{"line":44,"column":18},"end":{"line":44,"column":80}},"24":{"start":{"line":45,"column":4},"end":{"line":45,"column":22}},"25":{"start":{"line":47,"column":4},"end":{"line":51,"column":5}},"26":{"start":{"line":48,"column":6},"end":{"line":48,"column":92}},"27":{"start":{"line":50,"column":6},"end":{"line":50,"column":72}},"28":{"start":{"line":38,"column":13},"end":{"line":38,"column":30}},"29":{"start":{"line":56,"column":29},"end":{"line":78,"column":1}},"30":{"start":{"line":57,"column":2},"end":{"line":77,"column":3}},"31":{"start":{"line":58,"column":14},"end":{"line":58,"column":25}},"32":{"start":{"line":59,"column":4},"end":{"line":60,"column":75}},"33":{"start":{"line":60,"column":6},"end":{"line":60,"column":75}},"34":{"start":{"line":62,"column":20},"end":{"line":68,"column":6}},"35":{"start":{"line":70,"column":4},"end":{"line":70,"column":22}},"36":{"start":{"line":72,"column":4},"end":{"line":76,"column":5}},"37":{"start":{"line":73,"column":6},"end":{"line":73,"column":87}},"38":{"start":{"line":75,"column":6},"end":{"line":75,"column":67}},"39":{"start":{"line":56,"column":13},"end":{"line":56,"column":29}},"40":{"start":{"line":80,"column":32},"end":{"line":125,"column":1}},"41":{"start":{"line":81,"column":2},"end":{"line":124,"column":3}},"42":{"start":{"line":82,"column":25},"end":{"line":82,"column":35}},"43":{"start":{"line":83,"column":57},"end":{"line":83,"column":66}},"44":{"start":{"line":85,"column":44},"end":{"line":85,"column":46}},"45":{"start":{"line":86,"column":4},"end":{"line":88,"column":5}},"46":{"start":{"line":87,"column":6},"end":{"line":87,"column":33}},"47":{"start":{"line":89,"column":4},"end":{"line":94,"column":5}},"48":{"start":{"line":90,"column":6},"end":{"line":93,"column":8}},"49":{"start":{"line":96,"column":22},"end":{"line":96,"column":75}},"50":{"start":{"line":97,"column":33},"end":{"line":97,"column":58}},"51":{"start":{"line":98,"column":47},"end":{"line":98,"column":49}},"52":{"start":{"line":99,"column":4},"end":{"line":99,"column":35}},"53":{"start":{"line":101,"column":20},"end":{"line":101,"column":61}},"54":{"start":{"line":102,"column":21},"end":{"line":102,"column":63}},"55":{"start":{"line":103,"column":17},"end":{"line":103,"column":41}},"56":{"start":{"line":105,"column":16},"end":{"line":105,"column":77}},"57":{"start":{"line":107,"column":4},"end":{"line":109,"column":5}},"58":{"start":{"line":108,"column":6},"end":{"line":108,"column":61}},"59":{"start":{"line":111,"column":27},"end":{"line":111,"column":92}},"60":{"start":{"line":112,"column":23},"end":{"line":112,"column":50}},"61":{"start":{"line":114,"column":4},"end":{"line":117,"column":7}},"62":{"start":{"line":119,"column":4},"end":{"line":123,"column":5}},"63":{"start":{"line":120,"column":6},"end":{"line":120,"column":93}},"64":{"start":{"line":122,"column":6},"end":{"line":122,"column":73}},"65":{"start":{"line":80,"column":13},"end":{"line":80,"column":32}},"66":{"start":{"line":130,"column":27},"end":{"line":154,"column":1}},"67":{"start":{"line":131,"column":2},"end":{"line":153,"column":3}},"68":{"start":{"line":132,"column":19},"end":{"line":132,"column":29}},"69":{"start":{"line":133,"column":19},"end":{"line":133,"column":32}},"70":{"start":{"line":134,"column":4},"end":{"line":134,"column":74}},"71":{"start":{"line":134,"column":17},"end":{"line":134,"column":74}},"72":{"start":{"line":136,"column":20},"end":{"line":136,"column":46}},"73":{"start":{"line":137,"column":4},"end":{"line":137,"column":80}},"74":{"start":{"line":137,"column":18},"end":{"line":137,"column":80}},"75":{"start":{"line":140,"column":4},"end":{"line":141,"column":64}},"76":{"start":{"line":140,"column":55},"end":{"line":140,"column":94}},"77":{"start":{"line":141,"column":6},"end":{"line":141,"column":64}},"78":{"start":{"line":143,"column":4},"end":{"line":143,"column":31}},"79":{"start":{"line":144,"column":4},"end":{"line":144,"column":25}},"80":{"start":{"line":146,"column":4},"end":{"line":146,"column":77}},"81":{"start":{"line":148,"column":4},"end":{"line":152,"column":5}},"82":{"start":{"line":149,"column":6},"end":{"line":149,"column":84}},"83":{"start":{"line":151,"column":6},"end":{"line":151,"column":64}},"84":{"start":{"line":130,"column":13},"end":{"line":130,"column":27}},"85":{"start":{"line":157,"column":30},"end":{"line":183,"column":1}},"86":{"start":{"line":158,"column":2},"end":{"line":182,"column":3}},"87":{"start":{"line":159,"column":19},"end":{"line":159,"column":29}},"88":{"start":{"line":160,"column":19},"end":{"line":160,"column":32}},"89":{"start":{"line":161,"column":4},"end":{"line":161,"column":74}},"90":{"start":{"line":161,"column":17},"end":{"line":161,"column":74}},"91":{"start":{"line":163,"column":20},"end":{"line":163,"column":46}},"92":{"start":{"line":164,"column":4},"end":{"line":164,"column":80}},"93":{"start":{"line":164,"column":18},"end":{"line":164,"column":80}},"94":{"start":{"line":166,"column":18},"end":{"line":167,"column":null}},"95":{"start":{"line":167,"column":34},"end":{"line":167,"column":73}},"96":{"start":{"line":169,"column":4},"end":{"line":170,"column":72}},"97":{"start":{"line":170,"column":6},"end":{"line":170,"column":72}},"98":{"start":{"line":172,"column":4},"end":{"line":172,"column":35}},"99":{"start":{"line":173,"column":4},"end":{"line":173,"column":25}},"100":{"start":{"line":175,"column":4},"end":{"line":175,"column":76}},"101":{"start":{"line":177,"column":4},"end":{"line":181,"column":5}},"102":{"start":{"line":178,"column":6},"end":{"line":178,"column":83}},"103":{"start":{"line":180,"column":6},"end":{"line":180,"column":63}},"104":{"start":{"line":157,"column":13},"end":{"line":157,"column":30}},"105":{"start":{"line":186,"column":26},"end":{"line":208,"column":1}},"106":{"start":{"line":187,"column":2},"end":{"line":207,"column":3}},"107":{"start":{"line":188,"column":19},"end":{"line":188,"column":29}},"108":{"start":{"line":189,"column":21},"end":{"line":189,"column":29}},"109":{"start":{"line":190,"column":19},"end":{"line":190,"column":32}},"110":{"start":{"line":191,"column":21},"end":{"line":191,"column":39}},"111":{"start":{"line":192,"column":4},"end":{"line":192,"column":87}},"112":{"start":{"line":192,"column":30},"end":{"line":192,"column":87}},"113":{"start":{"line":194,"column":20},"end":{"line":194,"column":46}},"114":{"start":{"line":195,"column":4},"end":{"line":195,"column":80}},"115":{"start":{"line":195,"column":18},"end":{"line":195,"column":80}},"116":{"start":{"line":197,"column":4},"end":{"line":197,"column":67}},"117":{"start":{"line":198,"column":4},"end":{"line":198,"column":25}},"118":{"start":{"line":200,"column":4},"end":{"line":200,"column":71}},"119":{"start":{"line":202,"column":4},"end":{"line":206,"column":5}},"120":{"start":{"line":203,"column":6},"end":{"line":203,"column":84}},"121":{"start":{"line":205,"column":6},"end":{"line":205,"column":64}},"122":{"start":{"line":186,"column":13},"end":{"line":186,"column":26}},"123":{"start":{"line":211,"column":25},"end":{"line":236,"column":1}},"124":{"start":{"line":212,"column":2},"end":{"line":235,"column":3}},"125":{"start":{"line":213,"column":19},"end":{"line":213,"column":29}},"126":{"start":{"line":214,"column":21},"end":{"line":214,"column":29}},"127":{"start":{"line":215,"column":19},"end":{"line":215,"column":32}},"128":{"start":{"line":216,"column":4},"end":{"line":216,"column":74}},"129":{"start":{"line":216,"column":17},"end":{"line":216,"column":74}},"130":{"start":{"line":218,"column":20},"end":{"line":218,"column":46}},"131":{"start":{"line":219,"column":4},"end":{"line":219,"column":80}},"132":{"start":{"line":219,"column":18},"end":{"line":219,"column":80}},"133":{"start":{"line":221,"column":4},"end":{"line":222,"column":82}},"134":{"start":{"line":222,"column":6},"end":{"line":222,"column":82}},"135":{"start":{"line":224,"column":4},"end":{"line":224,"column":47}},"136":{"start":{"line":224,"column":26},"end":{"line":224,"column":47}},"137":{"start":{"line":225,"column":4},"end":{"line":225,"column":66}},"138":{"start":{"line":226,"column":4},"end":{"line":226,"column":25}},"139":{"start":{"line":228,"column":4},"end":{"line":228,"column":68}},"140":{"start":{"line":230,"column":4},"end":{"line":234,"column":5}},"141":{"start":{"line":231,"column":6},"end":{"line":231,"column":83}},"142":{"start":{"line":233,"column":6},"end":{"line":233,"column":63}},"143":{"start":{"line":211,"column":13},"end":{"line":211,"column":25}},"144":{"start":{"line":239,"column":27},"end":{"line":252,"column":1}},"145":{"start":{"line":240,"column":2},"end":{"line":251,"column":3}},"146":{"start":{"line":241,"column":19},"end":{"line":241,"column":29}},"147":{"start":{"line":242,"column":20},"end":{"line":242,"column":86}},"148":{"start":{"line":243,"column":4},"end":{"line":243,"column":80}},"149":{"start":{"line":243,"column":18},"end":{"line":243,"column":80}},"150":{"start":{"line":244,"column":4},"end":{"line":244,"column":45}},"151":{"start":{"line":246,"column":4},"end":{"line":250,"column":5}},"152":{"start":{"line":247,"column":6},"end":{"line":247,"column":87}},"153":{"start":{"line":249,"column":6},"end":{"line":249,"column":67}},"154":{"start":{"line":239,"column":13},"end":{"line":239,"column":27}},"155":{"start":{"line":255,"column":26},"end":{"line":270,"column":1}},"156":{"start":{"line":256,"column":2},"end":{"line":269,"column":3}},"157":{"start":{"line":257,"column":19},"end":{"line":257,"column":29}},"158":{"start":{"line":258,"column":20},"end":{"line":258,"column":85}},"159":{"start":{"line":259,"column":4},"end":{"line":259,"column":80}},"160":{"start":{"line":259,"column":18},"end":{"line":259,"column":80}},"161":{"start":{"line":260,"column":4},"end":{"line":261,"column":78}},"162":{"start":{"line":261,"column":6},"end":{"line":261,"column":78}},"163":{"start":{"line":262,"column":4},"end":{"line":262,"column":43}},"164":{"start":{"line":264,"column":4},"end":{"line":268,"column":5}},"165":{"start":{"line":265,"column":6},"end":{"line":265,"column":86}},"166":{"start":{"line":267,"column":6},"end":{"line":267,"column":66}},"167":{"start":{"line":255,"column":13},"end":{"line":255,"column":26}}},"fnMap":{"0":{"name":"(anonymous_1)","decl":{"start":{"line":9,"column":29},"end":{"line":9,"column":34}},"loc":{"start":{"line":9,"column":71},"end":{"line":20,"column":1}}},"1":{"name":"(anonymous_2)","decl":{"start":{"line":23,"column":36},"end":{"line":23,"column":41}},"loc":{"start":{"line":23,"column":78},"end":{"line":35,"column":1}}},"2":{"name":"(anonymous_3)","decl":{"start":{"line":38,"column":30},"end":{"line":38,"column":35}},"loc":{"start":{"line":38,"column":72},"end":{"line":53,"column":1}}},"3":{"name":"(anonymous_4)","decl":{"start":{"line":56,"column":29},"end":{"line":56,"column":34}},"loc":{"start":{"line":56,"column":71},"end":{"line":78,"column":1}}},"4":{"name":"(anonymous_5)","decl":{"start":{"line":80,"column":32},"end":{"line":80,"column":37}},"loc":{"start":{"line":80,"column":74},"end":{"line":125,"column":1}}},"5":{"name":"(anonymous_6)","decl":{"start":{"line":130,"column":27},"end":{"line":130,"column":32}},"loc":{"start":{"line":130,"column":69},"end":{"line":154,"column":1}}},"6":{"name":"(anonymous_7)","decl":{"start":{"line":140,"column":27},"end":{"line":140,"column":28}},"loc":{"start":{"line":140,"column":55},"end":{"line":140,"column":94}}},"7":{"name":"(anonymous_8)","decl":{"start":{"line":157,"column":30},"end":{"line":157,"column":35}},"loc":{"start":{"line":157,"column":72},"end":{"line":183,"column":1}}},"8":{"name":"(anonymous_9)","decl":{"start":{"line":167,"column":6},"end":{"line":167,"column":7}},"loc":{"start":{"line":167,"column":34},"end":{"line":167,"column":73}}},"9":{"name":"(anonymous_10)","decl":{"start":{"line":186,"column":26},"end":{"line":186,"column":31}},"loc":{"start":{"line":186,"column":68},"end":{"line":208,"column":1}}},"10":{"name":"(anonymous_11)","decl":{"start":{"line":211,"column":25},"end":{"line":211,"column":30}},"loc":{"start":{"line":211,"column":67},"end":{"line":236,"column":1}}},"11":{"name":"(anonymous_12)","decl":{"start":{"line":239,"column":27},"end":{"line":239,"column":32}},"loc":{"start":{"line":239,"column":69},"end":{"line":252,"column":1}}},"12":{"name":"(anonymous_13)","decl":{"start":{"line":255,"column":26},"end":{"line":255,"column":31}},"loc":{"start":{"line":255,"column":68},"end":{"line":270,"column":1}}}},"branchMap":{"0":{"loc":{"start":{"line":14,"column":4},"end":{"line":18,"column":5}},"type":"if","locations":[{"start":{"line":14,"column":4},"end":{"line":18,"column":5}},{"start":{"line":16,"column":11},"end":{"line":18,"column":5}}]},"1":{"loc":{"start":{"line":29,"column":4},"end":{"line":33,"column":5}},"type":"if","locations":[{"start":{"line":29,"column":4},"end":{"line":33,"column":5}},{"start":{"line":31,"column":11},"end":{"line":33,"column":5}}]},"2":{"loc":{"start":{"line":44,"column":4},"end":{"line":44,"column":80}},"type":"if","locations":[{"start":{"line":44,"column":4},"end":{"line":44,"column":80}},{"start":{},"end":{}}]},"3":{"loc":{"start":{"line":47,"column":4},"end":{"line":51,"column":5}},"type":"if","locations":[{"start":{"line":47,"column":4},"end":{"line":51,"column":5}},{"start":{"line":49,"column":11},"end":{"line":51,"column":5}}]},"4":{"loc":{"start":{"line":59,"column":4},"end":{"line":60,"column":75}},"type":"if","locations":[{"start":{"line":59,"column":4},"end":{"line":60,"column":75}},{"start":{},"end":{}}]},"5":{"loc":{"start":{"line":59,"column":8},"end":{"line":59,"column":35}},"type":"binary-expr","locations":[{"start":{"line":59,"column":8},"end":{"line":59,"column":10}},{"start":{"line":59,"column":14},"end":{"line":59,"column":35}}]},"6":{"loc":{"start":{"line":72,"column":4},"end":{"line":76,"column":5}},"type":"if","locations":[{"start":{"line":72,"column":4},"end":{"line":76,"column":5}},{"start":{"line":74,"column":11},"end":{"line":76,"column":5}}]},"7":{"loc":{"start":{"line":83,"column":28},"end":{"line":83,"column":38}},"type":"default-arg","locations":[{"start":{"line":83,"column":35},"end":{"line":83,"column":38}}]},"8":{"loc":{"start":{"line":83,"column":40},"end":{"line":83,"column":52}},"type":"default-arg","locations":[{"start":{"line":83,"column":48},"end":{"line":83,"column":52}}]},"9":{"loc":{"start":{"line":86,"column":4},"end":{"line":88,"column":5}},"type":"if","locations":[{"start":{"line":86,"column":4},"end":{"line":88,"column":5}},{"start":{},"end":{}}]},"10":{"loc":{"start":{"line":86,"column":8},"end":{"line":86,"column":38}},"type":"binary-expr","locations":[{"start":{"line":86,"column":8},"end":{"line":86,"column":16}},{"start":{"line":86,"column":20},"end":{"line":86,"column":38}}]},"11":{"loc":{"start":{"line":89,"column":4},"end":{"line":94,"column":5}},"type":"if","locations":[{"start":{"line":89,"column":4},"end":{"line":94,"column":5}},{"start":{},"end":{}}]},"12":{"loc":{"start":{"line":89,"column":8},"end":{"line":89,"column":34}},"type":"binary-expr","locations":[{"start":{"line":89,"column":8},"end":{"line":89,"column":9}},{"start":{"line":89,"column":13},"end":{"line":89,"column":34}}]},"13":{"loc":{"start":{"line":96,"column":22},"end":{"line":96,"column":75}},"type":"cond-expr","locations":[{"start":{"line":96,"column":57},"end":{"line":96,"column":61}},{"start":{"line":96,"column":64},"end":{"line":96,"column":75}}]},"14":{"loc":{"start":{"line":96,"column":22},"end":{"line":96,"column":54}},"type":"binary-expr","locations":[{"start":{"line":96,"column":22},"end":{"line":96,"column":26}},{"start":{"line":96,"column":30},"end":{"line":96,"column":54}}]},"15":{"loc":{"start":{"line":97,"column":33},"end":{"line":97,"column":58}},"type":"cond-expr","locations":[{"start":{"line":97,"column":52},"end":{"line":97,"column":54}},{"start":{"line":97,"column":57},"end":{"line":97,"column":58}}]},"16":{"loc":{"start":{"line":107,"column":4},"end":{"line":109,"column":5}},"type":"if","locations":[{"start":{"line":107,"column":4},"end":{"line":109,"column":5}},{"start":{},"end":{}}]},"17":{"loc":{"start":{"line":119,"column":4},"end":{"line":123,"column":5}},"type":"if","locations":[{"start":{"line":119,"column":4},"end":{"line":123,"column":5}},{"start":{"line":121,"column":11},"end":{"line":123,"column":5}}]},"18":{"loc":{"start":{"line":134,"column":4},"end":{"line":134,"column":74}},"type":"if","locations":[{"start":{"line":134,"column":4},"end":{"line":134,"column":74}},{"start":{},"end":{}}]},"19":{"loc":{"start":{"line":137,"column":4},"end":{"line":137,"column":80}},"type":"if","locations":[{"start":{"line":137,"column":4},"end":{"line":137,"column":80}},{"start":{},"end":{}}]},"20":{"loc":{"start":{"line":140,"column":4},"end":{"line":141,"column":64}},"type":"if","locations":[{"start":{"line":140,"column":4},"end":{"line":141,"column":64}},{"start":{},"end":{}}]},"21":{"loc":{"start":{"line":148,"column":4},"end":{"line":152,"column":5}},"type":"if","locations":[{"start":{"line":148,"column":4},"end":{"line":152,"column":5}},{"start":{"line":150,"column":11},"end":{"line":152,"column":5}}]},"22":{"loc":{"start":{"line":161,"column":4},"end":{"line":161,"column":74}},"type":"if","locations":[{"start":{"line":161,"column":4},"end":{"line":161,"column":74}},{"start":{},"end":{}}]},"23":{"loc":{"start":{"line":164,"column":4},"end":{"line":164,"column":80}},"type":"if","locations":[{"start":{"line":164,"column":4},"end":{"line":164,"column":80}},{"start":{},"end":{}}]},"24":{"loc":{"start":{"line":169,"column":4},"end":{"line":170,"column":72}},"type":"if","locations":[{"start":{"line":169,"column":4},"end":{"line":170,"column":72}},{"start":{},"end":{}}]},"25":{"loc":{"start":{"line":177,"column":4},"end":{"line":181,"column":5}},"type":"if","locations":[{"start":{"line":177,"column":4},"end":{"line":181,"column":5}},{"start":{"line":179,"column":11},"end":{"line":181,"column":5}}]},"26":{"loc":{"start":{"line":192,"column":4},"end":{"line":192,"column":87}},"type":"if","locations":[{"start":{"line":192,"column":4},"end":{"line":192,"column":87}},{"start":{},"end":{}}]},"27":{"loc":{"start":{"line":192,"column":8},"end":{"line":192,"column":28}},"type":"binary-expr","locations":[{"start":{"line":192,"column":8},"end":{"line":192,"column":15}},{"start":{"line":192,"column":19},"end":{"line":192,"column":28}}]},"28":{"loc":{"start":{"line":195,"column":4},"end":{"line":195,"column":80}},"type":"if","locations":[{"start":{"line":195,"column":4},"end":{"line":195,"column":80}},{"start":{},"end":{}}]},"29":{"loc":{"start":{"line":202,"column":4},"end":{"line":206,"column":5}},"type":"if","locations":[{"start":{"line":202,"column":4},"end":{"line":206,"column":5}},{"start":{"line":204,"column":11},"end":{"line":206,"column":5}}]},"30":{"loc":{"start":{"line":216,"column":4},"end":{"line":216,"column":74}},"type":"if","locations":[{"start":{"line":216,"column":4},"end":{"line":216,"column":74}},{"start":{},"end":{}}]},"31":{"loc":{"start":{"line":219,"column":4},"end":{"line":219,"column":80}},"type":"if","locations":[{"start":{"line":219,"column":4},"end":{"line":219,"column":80}},{"start":{},"end":{}}]},"32":{"loc":{"start":{"line":221,"column":4},"end":{"line":222,"column":82}},"type":"if","locations":[{"start":{"line":221,"column":4},"end":{"line":222,"column":82}},{"start":{},"end":{}}]},"33":{"loc":{"start":{"line":224,"column":4},"end":{"line":224,"column":47}},"type":"if","locations":[{"start":{"line":224,"column":4},"end":{"line":224,"column":47}},{"start":{},"end":{}}]},"34":{"loc":{"start":{"line":230,"column":4},"end":{"line":234,"column":5}},"type":"if","locations":[{"start":{"line":230,"column":4},"end":{"line":234,"column":5}},{"start":{"line":232,"column":11},"end":{"line":234,"column":5}}]},"35":{"loc":{"start":{"line":243,"column":4},"end":{"line":243,"column":80}},"type":"if","locations":[{"start":{"line":243,"column":4},"end":{"line":243,"column":80}},{"start":{},"end":{}}]},"36":{"loc":{"start":{"line":246,"column":4},"end":{"line":250,"column":5}},"type":"if","locations":[{"start":{"line":246,"column":4},"end":{"line":250,"column":5}},{"start":{"line":248,"column":11},"end":{"line":250,"column":5}}]},"37":{"loc":{"start":{"line":259,"column":4},"end":{"line":259,"column":80}},"type":"if","locations":[{"start":{"line":259,"column":4},"end":{"line":259,"column":80}},{"start":{},"end":{}}]},"38":{"loc":{"start":{"line":260,"column":4},"end":{"line":261,"column":78}},"type":"if","locations":[{"start":{"line":260,"column":4},"end":{"line":261,"column":78}},{"start":{},"end":{}}]},"39":{"loc":{"start":{"line":264,"column":4},"end":{"line":268,"column":5}},"type":"if","locations":[{"start":{"line":264,"column":4},"end":{"line":268,"column":5}},{"start":{"line":266,"column":11},"end":{"line":268,"column":5}}]}},"s":{"0":1,"1":1,"2":2,"3":2,"4":1,"5":1,"6":1,"7":0,"8":1,"9":1,"10":2,"11":2,"12":2,"13":1,"14":1,"15":1,"16":0,"17":1,"18":1,"19":3,"20":3,"21":3,"22":2,"23":1,"24":1,"25":1,"26":1,"27":0,"28":1,"29":1,"30":3,"31":3,"32":3,"33":1,"34":2,"35":1,"36":1,"37":1,"38":0,"39":1,"40":1,"41":2,"42":2,"43":2,"44":2,"45":2,"46":0,"47":2,"48":0,"49":2,"50":2,"51":2,"52":2,"53":2,"54":2,"55":2,"56":2,"57":1,"58":0,"59":1,"60":1,"61":1,"62":1,"63":1,"64":0,"65":1,"66":1,"67":4,"68":4,"69":4,"70":4,"71":0,"72":4,"73":3,"74":1,"75":2,"76":1,"77":1,"78":1,"79":1,"80":1,"81":1,"82":1,"83":0,"84":1,"85":1,"86":2,"87":2,"88":2,"89":2,"90":0,"91":2,"92":2,"93":0,"94":2,"95":1,"96":2,"97":1,"98":1,"99":1,"100":1,"101":0,"102":0,"103":0,"104":1,"105":1,"106":2,"107":2,"108":2,"109":2,"110":2,"111":2,"112":0,"113":2,"114":2,"115":1,"116":1,"117":1,"118":1,"119":0,"120":0,"121":0,"122":1,"123":1,"124":2,"125":2,"126":2,"127":2,"128":2,"129":0,"130":2,"131":2,"132":0,"133":2,"134":1,"135":1,"136":0,"137":1,"138":1,"139":1,"140":0,"141":0,"142":0,"143":1,"144":1,"145":1,"146":1,"147":1,"148":1,"149":0,"150":1,"151":0,"152":0,"153":0,"154":1,"155":1,"156":2,"157":2,"158":2,"159":2,"160":0,"161":2,"162":1,"163":1,"164":0,"165":0,"166":0,"167":1},"f":{"0":2,"1":2,"2":3,"3":3,"4":2,"5":4,"6":1,"7":2,"8":1,"9":2,"10":2,"11":1,"12":2},"b":{"0":[1,0],"1":[1,0],"2":[1,1],"3":[1,0],"4":[1,2],"5":[3,2],"6":[1,0],"7":[2],"8":[2],"9":[0,2],"10":[2,2],"11":[0,2],"12":[2,0],"13":[0,2],"14":[2,0],"15":[0,2],"16":[0,1],"17":[1,0],"18":[0,4],"19":[1,2],"20":[1,1],"21":[1,0],"22":[0,2],"23":[0,2],"24":[1,1],"25":[0,0],"26":[0,2],"27":[2,2],"28":[1,1],"29":[0,0],"30":[0,2],"31":[0,2],"32":[1,1],"33":[0,1],"34":[0,0],"35":[0,1],"36":[0,0],"37":[0,2],"38":[1,1],"39":[0,0]}}
,"C:\\Users\\RugvedDeva\\OneDrive - Bounteous\\Desktop\\New folder\\PRACTICE\\New folder\\backend\\src\\controllers\\stripe.controller.ts": {"path":"C:\\Users\\RugvedDeva\\OneDrive - Bounteous\\Desktop\\New folder\\PRACTICE\\New folder\\backend\\src\\controllers\\stripe.controller.ts","statementMap":{"0":{"start":{"line":1,"column":0},"end":{"line":1,"column":28}},"1":{"start":{"line":2,"column":0},"end":{"line":2,"column":28}},"2":{"start":{"line":6,"column":0},"end":{"line":6,"column":34}},"3":{"start":{"line":7,"column":0},"end":{"line":7,"column":40}},"4":{"start":{"line":9,"column":0},"end":{"line":9,"column":16}},"5":{"start":{"line":11,"column":15},"end":{"line":13,"column":2}},"6":{"start":{"line":33,"column":37},"end":{"line":67,"column":1}},"7":{"start":{"line":37,"column":2},"end":{"line":66,"column":3}},"8":{"start":{"line":38,"column":30},"end":{"line":38,"column":38}},"9":{"start":{"line":40,"column":20},"end":{"line":57,"column":6}},"10":{"start":{"line":43,"column":39},"end":{"line":52,"column":8}},"11":{"start":{"line":59,"column":4},"end":{"line":59,"column":35}},"12":{"start":{"line":61,"column":4},"end":{"line":65,"column":5}},"13":{"start":{"line":62,"column":6},"end":{"line":62,"column":86}},"14":{"start":{"line":64,"column":6},"end":{"line":64,"column":66}},"15":{"start":{"line":33,"column":13},"end":{"line":33,"column":37}},"16":{"start":{"line":69,"column":30},"end":{"line":86,"column":1}},"17":{"start":{"line":70,"column":20},"end":{"line":70,"column":50}},"18":{"start":{"line":72,"column":2},"end":{"line":74,"column":3}},"19":{"start":{"line":73,"column":4},"end":{"line":73,"column":69}},"20":{"start":{"line":76,"column":2},"end":{"line":85,"column":3}},"21":{"start":{"line":77,"column":20},"end":{"line":77,"column":70}},"22":{"start":{"line":78,"column":4},"end":{"line":78,"column":22}},"23":{"start":{"line":80,"column":4},"end":{"line":84,"column":5}},"24":{"start":{"line":81,"column":6},"end":{"line":81,"column":53}},"25":{"start":{"line":83,"column":6},"end":{"line":83,"column":55}},"26":{"start":{"line":69,"column":13},"end":{"line":69,"column":30}},"27":{"start":{"line":93,"column":36},"end":{"line":150,"column":1}},"28":{"start":{"line":97,"column":2},"end":{"line":97,"column":70}},"29":{"start":{"line":98,"column":2},"end":{"line":149,"column":3}},"30":{"start":{"line":99,"column":18},"end":{"line":99,"column":26}},"31":{"start":{"line":101,"column":4},"end":{"line":143,"column":5}},"32":{"start":{"line":102,"column":22},"end":{"line":102,"column":66}},"33":{"start":{"line":103,"column":21},"end":{"line":103,"column":48}},"34":{"start":{"line":105,"column":6},"end":{"line":108,"column":7}},"35":{"start":{"line":106,"column":8},"end":{"line":106,"column":65}},"36":{"start":{"line":107,"column":8},"end":{"line":107,"column":66}},"37":{"start":{"line":110,"column":6},"end":{"line":142,"column":7}},"38":{"start":{"line":112,"column":21},"end":{"line":112,"column":79}},"39":{"start":{"line":114,"column":27},"end":{"line":122,"column":16}},"40":{"start":{"line":116,"column":26},"end":{"line":116,"column":62}},"41":{"start":{"line":118,"column":10},"end":{"line":121,"column":12}},"42":{"start":{"line":125,"column":8},"end":{"line":133,"column":11}},"43":{"start":{"line":136,"column":8},"end":{"line":136,"column":63}},"44":{"start":{"line":138,"column":8},"end":{"line":138,"column":72}},"45":{"start":{"line":140,"column":8},"end":{"line":140,"column":71}},"46":{"start":{"line":141,"column":8},"end":{"line":141,"column":61}},"47":{"start":{"line":145,"column":4},"end":{"line":145,"column":45}},"48":{"start":{"line":147,"column":4},"end":{"line":147,"column":41}},"49":{"start":{"line":148,"column":4},"end":{"line":148,"column":42}},"50":{"start":{"line":93,"column":13},"end":{"line":93,"column":36}}},"fnMap":{"0":{"name":"(anonymous_1)","decl":{"start":{"line":33,"column":37},"end":{"line":33,"column":42}},"loc":{"start":{"line":36,"column":4},"end":{"line":67,"column":1}}},"1":{"name":"(anonymous_2)","decl":{"start":{"line":43,"column":28},"end":{"line":43,"column":29}},"loc":{"start":{"line":43,"column":39},"end":{"line":52,"column":8}}},"2":{"name":"(anonymous_3)","decl":{"start":{"line":69,"column":30},"end":{"line":69,"column":35}},"loc":{"start":{"line":69,"column":68},"end":{"line":86,"column":1}}},"3":{"name":"(anonymous_4)","decl":{"start":{"line":93,"column":36},"end":{"line":93,"column":41}},"loc":{"start":{"line":96,"column":4},"end":{"line":150,"column":1}}},"4":{"name":"(anonymous_5)","decl":{"start":{"line":114,"column":43},"end":{"line":114,"column":47}},"loc":{"start":{"line":114,"column":50},"end":{"line":122,"column":9}}}},"branchMap":{"0":{"loc":{"start":{"line":61,"column":4},"end":{"line":65,"column":5}},"type":"if","locations":[{"start":{"line":61,"column":4},"end":{"line":65,"column":5}},{"start":{"line":63,"column":11},"end":{"line":65,"column":5}}]},"1":{"loc":{"start":{"line":72,"column":2},"end":{"line":74,"column":3}},"type":"if","locations":[{"start":{"line":72,"column":2},"end":{"line":74,"column":3}},{"start":{},"end":{}}]},"2":{"loc":{"start":{"line":80,"column":4},"end":{"line":84,"column":5}},"type":"if","locations":[{"start":{"line":80,"column":4},"end":{"line":84,"column":5}},{"start":{"line":82,"column":11},"end":{"line":84,"column":5}}]},"3":{"loc":{"start":{"line":101,"column":4},"end":{"line":143,"column":5}},"type":"if","locations":[{"start":{"line":101,"column":4},"end":{"line":143,"column":5}},{"start":{},"end":{}}]},"4":{"loc":{"start":{"line":105,"column":6},"end":{"line":108,"column":7}},"type":"if","locations":[{"start":{"line":105,"column":6},"end":{"line":108,"column":7}},{"start":{},"end":{}}]},"5":{"loc":{"start":{"line":114,"column":27},"end":{"line":122,"column":16}},"type":"binary-expr","locations":[{"start":{"line":114,"column":27},"end":{"line":122,"column":10}},{"start":{"line":122,"column":14},"end":{"line":122,"column":16}}]},"6":{"loc":{"start":{"line":119,"column":18},"end":{"line":119,"column":123}},"type":"cond-expr","locations":[{"start":{"line":119,"column":90},"end":{"line":119,"column":103}},{"start":{"line":119,"column":106},"end":{"line":119,"column":123}}]},"7":{"loc":{"start":{"line":119,"column":18},"end":{"line":119,"column":87}},"type":"binary-expr","locations":[{"start":{"line":119,"column":18},"end":{"line":119,"column":45}},{"start":{"line":119,"column":49},"end":{"line":119,"column":65}},{"start":{"line":119,"column":69},"end":{"line":119,"column":87}}]},"8":{"loc":{"start":{"line":128,"column":27},"end":{"line":128,"column":67}},"type":"binary-expr","locations":[{"start":{"line":128,"column":27},"end":{"line":128,"column":61}},{"start":{"line":128,"column":65},"end":{"line":128,"column":67}}]},"9":{"loc":{"start":{"line":129,"column":24},"end":{"line":129,"column":49}},"type":"binary-expr","locations":[{"start":{"line":129,"column":24},"end":{"line":129,"column":44}},{"start":{"line":129,"column":48},"end":{"line":129,"column":49}}]},"10":{"loc":{"start":{"line":130,"column":20},"end":{"line":130,"column":45}},"type":"binary-expr","locations":[{"start":{"line":130,"column":20},"end":{"line":130,"column":36}},{"start":{"line":130,"column":40},"end":{"line":130,"column":45}}]}},"s":{"0":1,"1":1,"2":1,"3":1,"4":1,"5":1,"6":1,"7":2,"8":2,"9":2,"10":2,"11":1,"12":1,"13":1,"14":0,"15":1,"16":1,"17":3,"18":3,"19":1,"20":2,"21":2,"22":1,"23":1,"24":1,"25":0,"26":1,"27":1,"28":3,"29":3,"30":3,"31":3,"32":2,"33":2,"34":2,"35":1,"36":1,"37":1,"38":1,"39":1,"40":1,"41":1,"42":1,"43":1,"44":1,"45":0,"46":0,"47":2,"48":0,"49":0,"50":1},"f":{"0":2,"1":2,"2":3,"3":3,"4":1},"b":{"0":[1,0],"1":[1,2],"2":[1,0],"3":[2,1],"4":[1,1],"5":[1,0],"6":[1,0],"7":[1,1,1],"8":[1,0],"9":[1,0],"10":[1,0]}}
,"C:\\Users\\RugvedDeva\\OneDrive - Bounteous\\Desktop\\New folder\\PRACTICE\\New folder\\backend\\src\\controllers\\user.controller.ts": {"path":"C:\\Users\\RugvedDeva\\OneDrive - Bounteous\\Desktop\\New folder\\PRACTICE\\New folder\\backend\\src\\controllers\\user.controller.ts","statementMap":{"0":{"start":{"line":2,"column":0},"end":{"line":2,"column":34}},"1":{"start":{"line":5,"column":26},"end":{"line":26,"column":1}},"2":{"start":{"line":6,"column":2},"end":{"line":25,"column":3}},"3":{"start":{"line":7,"column":4},"end":{"line":9,"column":5}},"4":{"start":{"line":8,"column":6},"end":{"line":8,"column":65}},"5":{"start":{"line":11,"column":17},"end":{"line":11,"column":70}},"6":{"start":{"line":12,"column":4},"end":{"line":14,"column":5}},"7":{"start":{"line":13,"column":6},"end":{"line":13,"column":65}},"8":{"start":{"line":16,"column":4},"end":{"line":22,"column":7}},"9":{"start":{"line":24,"column":4},"end":{"line":24,"column":85}},"10":{"start":{"line":5,"column":13},"end":{"line":5,"column":26}},"11":{"start":{"line":28,"column":27},"end":{"line":35,"column":1}},"12":{"start":{"line":29,"column":2},"end":{"line":34,"column":3}},"13":{"start":{"line":30,"column":18},"end":{"line":30,"column":55}},"14":{"start":{"line":31,"column":4},"end":{"line":31,"column":32}},"15":{"start":{"line":33,"column":4},"end":{"line":33,"column":85}},"16":{"start":{"line":28,"column":13},"end":{"line":28,"column":27}}},"fnMap":{"0":{"name":"(anonymous_1)","decl":{"start":{"line":5,"column":26},"end":{"line":5,"column":31}},"loc":{"start":{"line":5,"column":68},"end":{"line":26,"column":1}}},"1":{"name":"(anonymous_2)","decl":{"start":{"line":28,"column":27},"end":{"line":28,"column":32}},"loc":{"start":{"line":28,"column":65},"end":{"line":35,"column":1}}}},"branchMap":{"0":{"loc":{"start":{"line":7,"column":4},"end":{"line":9,"column":5}},"type":"if","locations":[{"start":{"line":7,"column":4},"end":{"line":9,"column":5}},{"start":{},"end":{}}]},"1":{"loc":{"start":{"line":12,"column":4},"end":{"line":14,"column":5}},"type":"if","locations":[{"start":{"line":12,"column":4},"end":{"line":14,"column":5}},{"start":{},"end":{}}]},"2":{"loc":{"start":{"line":21,"column":17},"end":{"line":21,"column":37}},"type":"binary-expr","locations":[{"start":{"line":21,"column":17},"end":{"line":21,"column":31}},{"start":{"line":21,"column":35},"end":{"line":21,"column":37}}]}},"s":{"0":1,"1":1,"2":3,"3":3,"4":0,"5":3,"6":2,"7":1,"8":1,"9":1,"10":1,"11":1,"12":0,"13":0,"14":0,"15":0,"16":1},"f":{"0":3,"1":0},"b":{"0":[0,3],"1":[1,1],"2":[1,0]}}
,"C:\\Users\\RugvedDeva\\OneDrive - Bounteous\\Desktop\\New folder\\PRACTICE\\New folder\\backend\\src\\controllers\\watchlist.controller.ts": {"path":"C:\\Users\\RugvedDeva\\OneDrive - Bounteous\\Desktop\\New folder\\PRACTICE\\New folder\\backend\\src\\controllers\\watchlist.controller.ts","statementMap":{"0":{"start":{"line":2,"column":0},"end":{"line":2,"column":43}},"1":{"start":{"line":3,"column":0},"end":{"line":3,"column":45}},"2":{"start":{"line":14,"column":28},"end":{"line":32,"column":1}},"3":{"start":{"line":15,"column":2},"end":{"line":31,"column":3}},"4":{"start":{"line":16,"column":19},"end":{"line":16,"column":32}},"5":{"start":{"line":18,"column":4},"end":{"line":20,"column":5}},"6":{"start":{"line":19,"column":6},"end":{"line":19,"column":63}},"7":{"start":{"line":22,"column":17},"end":{"line":22,"column":66}},"8":{"start":{"line":24,"column":4},"end":{"line":26,"column":5}},"9":{"start":{"line":25,"column":6},"end":{"line":25,"column":65}},"10":{"start":{"line":28,"column":4},"end":{"line":28,"column":56}},"11":{"start":{"line":30,"column":4},"end":{"line":30,"column":78}},"12":{"start":{"line":14,"column":13},"end":{"line":14,"column":28}},"13":{"start":{"line":35,"column":30},"end":{"line":72,"column":1}},"14":{"start":{"line":36,"column":2},"end":{"line":71,"column":3}},"15":{"start":{"line":37,"column":19},"end":{"line":37,"column":32}},"16":{"start":{"line":38,"column":26},"end":{"line":38,"column":36}},"17":{"start":{"line":40,"column":4},"end":{"line":42,"column":5}},"18":{"start":{"line":41,"column":6},"end":{"line":41,"column":63}},"19":{"start":{"line":45,"column":4},"end":{"line":47,"column":5}},"20":{"start":{"line":46,"column":6},"end":{"line":46,"column":69}},"21":{"start":{"line":49,"column":17},"end":{"line":49,"column":44}},"22":{"start":{"line":51,"column":4},"end":{"line":53,"column":5}},"23":{"start":{"line":52,"column":6},"end":{"line":52,"column":65}},"24":{"start":{"line":55,"column":28},"end":{"line":55,"column":66}},"25":{"start":{"line":58,"column":4},"end":{"line":60,"column":5}},"26":{"start":{"line":58,"column":34},"end":{"line":58,"column":60}},"27":{"start":{"line":59,"column":6},"end":{"line":59,"column":79}},"28":{"start":{"line":62,"column":4},"end":{"line":62,"column":41}},"29":{"start":{"line":63,"column":4},"end":{"line":63,"column":22}},"30":{"start":{"line":65,"column":4},"end":{"line":68,"column":7}},"31":{"start":{"line":70,"column":4},"end":{"line":70,"column":79}},"32":{"start":{"line":35,"column":13},"end":{"line":35,"column":30}},"33":{"start":{"line":75,"column":35},"end":{"line":111,"column":1}},"34":{"start":{"line":76,"column":2},"end":{"line":110,"column":3}},"35":{"start":{"line":77,"column":19},"end":{"line":77,"column":32}},"36":{"start":{"line":78,"column":26},"end":{"line":78,"column":36}},"37":{"start":{"line":80,"column":4},"end":{"line":82,"column":5}},"38":{"start":{"line":81,"column":6},"end":{"line":81,"column":63}},"39":{"start":{"line":84,"column":4},"end":{"line":86,"column":5}},"40":{"start":{"line":85,"column":6},"end":{"line":85,"column":69}},"41":{"start":{"line":88,"column":17},"end":{"line":88,"column":44}},"42":{"start":{"line":90,"column":4},"end":{"line":92,"column":5}},"43":{"start":{"line":91,"column":6},"end":{"line":91,"column":65}},"44":{"start":{"line":94,"column":28},"end":{"line":94,"column":66}},"45":{"start":{"line":96,"column":4},"end":{"line":98,"column":6}},"46":{"start":{"line":97,"column":30},"end":{"line":97,"column":57}},"47":{"start":{"line":100,"column":4},"end":{"line":100,"column":22}},"48":{"start":{"line":102,"column":4},"end":{"line":105,"column":7}},"49":{"start":{"line":107,"column":4},"end":{"line":109,"column":70}},"50":{"start":{"line":75,"column":13},"end":{"line":75,"column":35}}},"fnMap":{"0":{"name":"(anonymous_1)","decl":{"start":{"line":14,"column":28},"end":{"line":14,"column":33}},"loc":{"start":{"line":14,"column":70},"end":{"line":32,"column":1}}},"1":{"name":"(anonymous_2)","decl":{"start":{"line":35,"column":30},"end":{"line":35,"column":35}},"loc":{"start":{"line":35,"column":72},"end":{"line":72,"column":1}}},"2":{"name":"(anonymous_3)","decl":{"start":{"line":58,"column":28},"end":{"line":58,"column":30}},"loc":{"start":{"line":58,"column":34},"end":{"line":58,"column":60}}},"3":{"name":"(anonymous_4)","decl":{"start":{"line":75,"column":35},"end":{"line":75,"column":40}},"loc":{"start":{"line":75,"column":77},"end":{"line":111,"column":1}}},"4":{"name":"(anonymous_5)","decl":{"start":{"line":97,"column":6},"end":{"line":97,"column":7}},"loc":{"start":{"line":97,"column":30},"end":{"line":97,"column":57}}}},"branchMap":{"0":{"loc":{"start":{"line":18,"column":4},"end":{"line":20,"column":5}},"type":"if","locations":[{"start":{"line":18,"column":4},"end":{"line":20,"column":5}},{"start":{},"end":{}}]},"1":{"loc":{"start":{"line":24,"column":4},"end":{"line":26,"column":5}},"type":"if","locations":[{"start":{"line":24,"column":4},"end":{"line":26,"column":5}},{"start":{},"end":{}}]},"2":{"loc":{"start":{"line":40,"column":4},"end":{"line":42,"column":5}},"type":"if","locations":[{"start":{"line":40,"column":4},"end":{"line":42,"column":5}},{"start":{},"end":{}}]},"3":{"loc":{"start":{"line":45,"column":4},"end":{"line":47,"column":5}},"type":"if","locations":[{"start":{"line":45,"column":4},"end":{"line":47,"column":5}},{"start":{},"end":{}}]},"4":{"loc":{"start":{"line":51,"column":4},"end":{"line":53,"column":5}},"type":"if","locations":[{"start":{"line":51,"column":4},"end":{"line":53,"column":5}},{"start":{},"end":{}}]},"5":{"loc":{"start":{"line":58,"column":4},"end":{"line":60,"column":5}},"type":"if","locations":[{"start":{"line":58,"column":4},"end":{"line":60,"column":5}},{"start":{},"end":{}}]},"6":{"loc":{"start":{"line":80,"column":4},"end":{"line":82,"column":5}},"type":"if","locations":[{"start":{"line":80,"column":4},"end":{"line":82,"column":5}},{"start":{},"end":{}}]},"7":{"loc":{"start":{"line":84,"column":4},"end":{"line":86,"column":5}},"type":"if","locations":[{"start":{"line":84,"column":4},"end":{"line":86,"column":5}},{"start":{},"end":{}}]},"8":{"loc":{"start":{"line":90,"column":4},"end":{"line":92,"column":5}},"type":"if","locations":[{"start":{"line":90,"column":4},"end":{"line":92,"column":5}},{"start":{},"end":{}}]}},"s":{"0":1,"1":1,"2":1,"3":3,"4":3,"5":3,"6":0,"7":3,"8":2,"9":1,"10":1,"11":1,"12":1,"13":1,"14":4,"15":4,"16":4,"17":4,"18":0,"19":4,"20":1,"21":3,"22":3,"23":1,"24":2,"25":2,"26":1,"27":1,"28":1,"29":1,"30":1,"31":0,"32":1,"33":1,"34":3,"35":3,"36":3,"37":3,"38":0,"39":3,"40":1,"41":2,"42":2,"43":1,"44":1,"45":1,"46":2,"47":1,"48":1,"49":0,"50":1},"f":{"0":3,"1":4,"2":1,"3":3,"4":2},"b":{"0":[0,3],"1":[1,1],"2":[0,4],"3":[1,3],"4":[1,2],"5":[1,1],"6":[0,3],"7":[1,2],"8":[1,1]}}
,"C:\\Users\\RugvedDeva\\OneDrive - Bounteous\\Desktop\\New folder\\PRACTICE\\New folder\\backend\\src\\models\\Cart.ts": {"path":"C:\\Users\\RugvedDeva\\OneDrive - Bounteous\\Desktop\\New folder\\PRACTICE\\New folder\\backend\\src\\models\\Cart.ts","statementMap":{"0":{"start":{"line":1,"column":0},"end":{"line":1,"column":61}},"1":{"start":{"line":10,"column":23},"end":{"line":16,"column":null}},"2":{"start":{"line":24,"column":19},"end":{"line":27,"column":2}},"3":{"start":{"line":29,"column":13},"end":{"line":29,"column":54}},"4":{"start":{"line":30,"column":0},"end":{"line":30,"column":20}}},"fnMap":{},"branchMap":{},"s":{"0":3,"1":3,"2":3,"3":3,"4":3},"f":{},"b":{}}
,"C:\\Users\\RugvedDeva\\OneDrive - Bounteous\\Desktop\\New folder\\PRACTICE\\New folder\\backend\\src\\models\\Checkout.ts": {"path":"C:\\Users\\RugvedDeva\\OneDrive - Bounteous\\Desktop\\New folder\\PRACTICE\\New folder\\backend\\src\\models\\Checkout.ts","statementMap":{"0":{"start":{"line":1,"column":0},"end":{"line":1,"column":54}},"1":{"start":{"line":16,"column":27},"end":{"line":20,"column":2}},"2":{"start":{"line":22,"column":23},"end":{"line":27,"column":2}},"3":{"start":{"line":29,"column":17},"end":{"line":29,"column":70}},"4":{"start":{"line":30,"column":0},"end":{"line":30,"column":24}}},"fnMap":{},"branchMap":{},"s":{"0":2,"1":2,"2":2,"3":2,"4":2},"f":{},"b":{}}
,"C:\\Users\\RugvedDeva\\OneDrive - Bounteous\\Desktop\\New folder\\PRACTICE\\New folder\\backend\\src\\models\\Content.ts": {"path":"C:\\Users\\RugvedDeva\\OneDrive - Bounteous\\Desktop\\New folder\\PRACTICE\\New folder\\backend\\src\\models\\Content.ts","statementMap":{"0":{"start":{"line":1,"column":0},"end":{"line":1,"column":54}},"1":{"start":{"line":21,"column":22},"end":{"line":25,"column":2}},"2":{"start":{"line":27,"column":22},"end":{"line":37,"column":2}},"3":{"start":{"line":39,"column":0},"end":{"line":39,"column":66}}},"fnMap":{},"branchMap":{},"s":{"0":2,"1":2,"2":2,"3":2},"f":{},"b":{}}
,"C:\\Users\\RugvedDeva\\OneDrive - Bounteous\\Desktop\\New folder\\PRACTICE\\New folder\\backend\\src\\models\\Order.ts": {"path":"C:\\Users\\RugvedDeva\\OneDrive - Bounteous\\Desktop\\New folder\\PRACTICE\\New folder\\backend\\src\\models\\Order.ts","statementMap":{"0":{"start":{"line":1,"column":0},"end":{"line":1,"column":54}},"1":{"start":{"line":18,"column":20},"end":{"line":31,"column":2}},"2":{"start":{"line":33,"column":13},"end":{"line":33,"column":66}}},"fnMap":{},"branchMap":{},"s":{"0":1,"1":1,"2":1},"f":{},"b":{}}
,"C:\\Users\\RugvedDeva\\OneDrive - Bounteous\\Desktop\\New folder\\PRACTICE\\New folder\\backend\\src\\models\\User.ts": {"path":"C:\\Users\\RugvedDeva\\OneDrive - Bounteous\\Desktop\\New folder\\PRACTICE\\New folder\\backend\\src\\models\\User.ts","statementMap":{"0":{"start":{"line":1,"column":0},"end":{"line":1,"column":61}},"1":{"start":{"line":2,"column":0},"end":{"line":2,"column":28}},"2":{"start":{"line":17,"column":19},"end":{"line":26,"column":null}},"3":{"start":{"line":30,"column":0},"end":{"line":34,"column":3}},"4":{"start":{"line":31,"column":2},"end":{"line":31,"column":50}},"5":{"start":{"line":31,"column":36},"end":{"line":31,"column":50}},"6":{"start":{"line":32,"column":2},"end":{"line":32,"column":55}},"7":{"start":{"line":33,"column":2},"end":{"line":33,"column":9}},"8":{"start":{"line":37,"column":0},"end":{"line":41,"column":2}},"9":{"start":{"line":40,"column":2},"end":{"line":40,"column":62}},"10":{"start":{"line":44,"column":13},"end":{"line":44,"column":54}},"11":{"start":{"line":45,"column":0},"end":{"line":45,"column":20}}},"fnMap":{"0":{"name":"(anonymous_10)","decl":{"start":{"line":30,"column":23},"end":{"line":30,"column":28}},"loc":{"start":{"line":30,"column":43},"end":{"line":34,"column":1}}},"1":{"name":"(anonymous_11)","decl":{"start":{"line":37,"column":35},"end":{"line":37,"column":40}},"loc":{"start":{"line":38,"column":25},"end":{"line":41,"column":1}}}},"branchMap":{"0":{"loc":{"start":{"line":31,"column":2},"end":{"line":31,"column":50}},"type":"if","locations":[{"start":{"line":31,"column":2},"end":{"line":31,"column":50}},{"start":{},"end":{}}]}},"s":{"0":4,"1":4,"2":4,"3":4,"4":0,"5":0,"6":0,"7":0,"8":4,"9":1,"10":4,"11":4},"f":{"0":0,"1":1},"b":{"0":[0,0]}}
,"C:\\Users\\RugvedDeva\\OneDrive - Bounteous\\Desktop\\New folder\\PRACTICE\\New folder\\backend\\src\\routes\\content.routes.ts": {"path":"C:\\Users\\RugvedDeva\\OneDrive - Bounteous\\Desktop\\New folder\\PRACTICE\\New folder\\backend\\src\\routes\\content.routes.ts","statementMap":{"0":{"start":{"line":1,"column":0},"end":{"line":1,"column":30}},"1":{"start":{"line":2,"column":0},"end":{"line":2,"column":null}},"2":{"start":{"line":15,"column":0},"end":{"line":15,"column":45}},"3":{"start":{"line":17,"column":15},"end":{"line":17,"column":31}},"4":{"start":{"line":20,"column":0},"end":{"line":20,"column":31}},"5":{"start":{"line":23,"column":0},"end":{"line":23,"column":56}},"6":{"start":{"line":25,"column":0},"end":{"line":25,"column":36}},"7":{"start":{"line":26,"column":0},"end":{"line":26,"column":48}},"8":{"start":{"line":29,"column":0},"end":{"line":29,"column":35}},"9":{"start":{"line":33,"column":0},"end":{"line":33,"column":47}},"10":{"start":{"line":34,"column":0},"end":{"line":34,"column":52}},"11":{"start":{"line":38,"column":0},"end":{"line":38,"column":49}},"12":{"start":{"line":41,"column":0},"end":{"line":41,"column":47}},"13":{"start":{"line":44,"column":0},"end":{"line":44,"column":41}},"14":{"start":{"line":47,"column":0},"end":{"line":47,"column":39}},"15":{"start":{"line":49,"column":0},"end":{"line":49,"column":22}}},"fnMap":{},"branchMap":{},"s":{"0":1,"1":1,"2":1,"3":1,"4":1,"5":1,"6":1,"7":1,"8":1,"9":1,"10":1,"11":1,"12":1,"13":1,"14":1,"15":1},"f":{},"b":{}}
,"C:\\Users\\RugvedDeva\\OneDrive - Bounteous\\Desktop\\New folder\\PRACTICE\\New folder\\backend\\src\\routes\\stripe.routes.ts": {"path":"C:\\Users\\RugvedDeva\\OneDrive - Bounteous\\Desktop\\New folder\\PRACTICE\\New folder\\backend\\src\\routes\\stripe.routes.ts","statementMap":{"0":{"start":{"line":1,"column":0},"end":{"line":1,"column":30}},"1":{"start":{"line":2,"column":0},"end":{"line":2,"column":111}},"2":{"start":{"line":3,"column":0},"end":{"line":3,"column":45}},"3":{"start":{"line":5,"column":15},"end":{"line":5,"column":31}},"4":{"start":{"line":7,"column":0},"end":{"line":7,"column":72}},"5":{"start":{"line":8,"column":0},"end":{"line":8,"column":46}},"6":{"start":{"line":9,"column":0},"end":{"line":9,"column":89}},"7":{"start":{"line":13,"column":0},"end":{"line":13,"column":22}}},"fnMap":{},"branchMap":{},"s":{"0":1,"1":1,"2":1,"3":1,"4":1,"5":1,"6":1,"7":1},"f":{},"b":{}}
,"C:\\Users\\RugvedDeva\\OneDrive - Bounteous\\Desktop\\New folder\\PRACTICE\\New folder\\backend\\src\\routes\\user.routes.ts": {"path":"C:\\Users\\RugvedDeva\\OneDrive - Bounteous\\Desktop\\New folder\\PRACTICE\\New folder\\backend\\src\\routes\\user.routes.ts","statementMap":{"0":{"start":{"line":1,"column":0},"end":{"line":1,"column":30}},"1":{"start":{"line":2,"column":0},"end":{"line":2,"column":73}},"2":{"start":{"line":3,"column":0},"end":{"line":3,"column":45}},"3":{"start":{"line":5,"column":15},"end":{"line":5,"column":31}},"4":{"start":{"line":7,"column":0},"end":{"line":7,"column":44}},"5":{"start":{"line":10,"column":0},"end":{"line":10,"column":22}}},"fnMap":{},"branchMap":{},"s":{"0":1,"1":1,"2":1,"3":1,"4":1,"5":1},"f":{},"b":{}}
,"C:\\Users\\RugvedDeva\\OneDrive - Bounteous\\Desktop\\New folder\\PRACTICE\\New folder\\backend\\src\\routes\\watchlist.routes.ts": {"path":"C:\\Users\\RugvedDeva\\OneDrive - Bounteous\\Desktop\\New folder\\PRACTICE\\New folder\\backend\\src\\routes\\watchlist.routes.ts","statementMap":{"0":{"start":{"line":1,"column":0},"end":{"line":1,"column":30}},"1":{"start":{"line":2,"column":0},"end":{"line":2,"column":null}},"2":{"start":{"line":7,"column":0},"end":{"line":7,"column":45}},"3":{"start":{"line":9,"column":15},"end":{"line":9,"column":31}},"4":{"start":{"line":11,"column":0},"end":{"line":11,"column":39}},"5":{"start":{"line":12,"column":0},"end":{"line":12,"column":52}},"6":{"start":{"line":13,"column":0},"end":{"line":13,"column":59}},"7":{"start":{"line":15,"column":0},"end":{"line":15,"column":22}}},"fnMap":{},"branchMap":{},"s":{"0":1,"1":1,"2":1,"3":1,"4":1,"5":1,"6":1,"7":1},"f":{},"b":{}}
,"C:\\Users\\RugvedDeva\\OneDrive - Bounteous\\Desktop\\New folder\\PRACTICE\\New folder\\backend\\src\\services\\stripe.service.ts": {"path":"C:\\Users\\RugvedDeva\\OneDrive - Bounteous\\Desktop\\New folder\\PRACTICE\\New folder\\backend\\src\\services\\stripe.service.ts","statementMap":{"0":{"start":{"line":1,"column":0},"end":{"line":1,"column":28}},"1":{"start":{"line":2,"column":0},"end":{"line":2,"column":28}},"2":{"start":{"line":4,"column":0},"end":{"line":4,"column":16}},"3":{"start":{"line":6,"column":15},"end":{"line":8,"column":2}},"4":{"start":{"line":10,"column":0},"end":{"line":10,"column":22}}},"fnMap":{},"branchMap":{},"s":{"0":1,"1":1,"2":1,"3":1,"4":1},"f":{},"b":{}}
}
