TN:
SF:src\controllers\auth.controller.ts
FN:11,(anonymous_1)
FN:17,(anonymous_2)
FN:26,(anonymous_3)
FN:40,(anonymous_4)
FN:75,(anonymous_5)
FN:93,(anonymous_6)
FN:113,(anonymous_7)
FNF:7
FNH:7
FNDA:2,(anonymous_1)
FNDA:1,(anonymous_2)
FNDA:1,(anonymous_3)
FNDA:2,(anonymous_4)
FNDA:2,(anonymous_5)
FNDA:1,(anonymous_6)
FNDA:1,(anonymous_7)
DA:2,1
DA:3,1
DA:11,1
DA:12,2
DA:17,1
DA:18,1
DA:26,1
DA:27,1
DA:28,1
DA:29,1
DA:30,1
DA:31,1
DA:33,0
DA:40,1
DA:41,2
DA:42,2
DA:44,2
DA:46,2
DA:47,1
DA:48,1
DA:49,1
DA:51,1
DA:52,1
DA:54,1
DA:65,1
DA:68,0
DA:75,1
DA:76,2
DA:77,2
DA:78,0
DA:79,0
DA:82,2
DA:83,2
DA:84,2
DA:85,1
DA:86,1
DA:89,1
DA:94,1
DA:95,0
DA:96,0
DA:99,1
DA:100,1
DA:101,1
DA:105,0
DA:113,1
DA:114,1
DA:115,1
DA:116,1
DA:117,1
DA:118,1
DA:119,1
DA:121,1
DA:123,0
LF:53
LH:45
BRDA:12,0,0,2
BRDA:12,0,1,2
BRDA:18,1,0,1
BRDA:18,1,1,1
BRDA:46,2,0,1
BRDA:46,2,1,1
BRDA:46,3,0,2
BRDA:46,3,1,1
BRDA:77,4,0,0
BRDA:77,4,1,2
BRDA:84,5,0,1
BRDA:84,5,1,1
BRDA:91,6,0,1
BRDA:91,6,1,1
BRDA:94,7,0,0
BRDA:94,7,1,1
BRDA:94,8,0,1
BRDA:94,8,1,1
BRDA:94,8,2,1
BRDA:94,8,3,1
BRDA:117,9,0,1
BRDA:117,9,1,0
BRF:22
BRH:19
end_of_record
TN:
SF:src\controllers\cart.controller.ts
FN:7,(anonymous_1)
FN:26,(anonymous_2)
FN:45,(anonymous_3)
FN:64,(anonymous_4)
FN:80,(anonymous_5)
FNF:5
FNH:5
FNDA:2,(anonymous_1)
FNDA:1,(anonymous_2)
FNDA:2,(anonymous_3)
FNDA:3,(anonymous_4)
FNDA:2,(anonymous_5)
DA:3,1
DA:7,1
DA:8,2
DA:9,2
DA:10,2
DA:12,2
DA:13,0
DA:16,2
DA:18,2
DA:19,0
DA:22,2
DA:25,2
DA:27,1
DA:31,2
DA:32,1
DA:35,1
DA:36,1
DA:38,1
DA:40,0
DA:45,1
DA:46,2
DA:47,2
DA:49,2
DA:50,0
DA:53,2
DA:55,2
DA:57,1
DA:59,0
DA:64,1
DA:65,3
DA:66,3
DA:67,3
DA:69,3
DA:70,0
DA:73,3
DA:74,3
DA:76,2
DA:79,2
DA:80,2
DA:83,2
DA:84,1
DA:87,1
DA:88,1
DA:90,1
DA:92,1
DA:94,0
LF:46
LH:39
BRDA:12,0,0,0
BRDA:12,0,1,2
BRDA:18,1,0,0
BRDA:18,1,1,2
BRDA:27,2,0,1
BRDA:27,2,1,1
BRDA:31,3,0,1
BRDA:31,3,1,1
BRDA:49,4,0,0
BRDA:49,4,1,2
BRDA:55,5,0,1
BRDA:55,5,1,1
BRDA:69,6,0,0
BRDA:69,6,1,3
BRDA:74,7,0,1
BRDA:74,7,1,2
BRDA:83,8,0,1
BRDA:83,8,1,1
BRF:18
BRH:14
end_of_record
TN:
SF:src\controllers\checkout.controller.ts
FN:6,(anonymous_1)
FN:21,(anonymous_2)
FNF:2
FNH:2
FNDA:5,(anonymous_1)
FNDA:4,(anonymous_2)
DA:2,1
DA:3,1
DA:6,1
DA:7,5
DA:8,5
DA:10,5
DA:11,1
DA:14,4
DA:16,4
DA:17,1
DA:21,4
DA:23,3
DA:29,3
DA:31,1
DA:33,2
DA:34,1
DA:35,1
DA:39,1
DA:40,1
DA:41,1
DA:43,0
DA:44,0
LF:22
LH:20
BRDA:10,0,0,1
BRDA:10,0,1,4
BRDA:16,1,0,1
BRDA:16,1,1,3
BRDA:16,2,0,4
BRDA:16,2,1,4
BRDA:33,3,0,1
BRDA:33,3,1,1
BRDA:33,4,0,2
BRDA:33,4,1,2
BRDA:39,5,0,1
BRDA:39,5,1,0
BRF:12
BRH:11
end_of_record
TN:
SF:src\controllers\content.controller.ts
FN:9,(anonymous_1)
FN:23,(anonymous_2)
FN:38,(anonymous_3)
FN:56,(anonymous_4)
FN:80,(anonymous_5)
FN:130,(anonymous_6)
FN:140,(anonymous_7)
FN:157,(anonymous_8)
FN:167,(anonymous_9)
FN:186,(anonymous_10)
FN:211,(anonymous_11)
FN:239,(anonymous_12)
FN:255,(anonymous_13)
FNF:13
FNH:13
FNDA:2,(anonymous_1)
FNDA:2,(anonymous_2)
FNDA:3,(anonymous_3)
FNDA:3,(anonymous_4)
FNDA:2,(anonymous_5)
FNDA:4,(anonymous_6)
FNDA:1,(anonymous_7)
FNDA:2,(anonymous_8)
FNDA:1,(anonymous_9)
FNDA:2,(anonymous_10)
FNDA:2,(anonymous_11)
FNDA:1,(anonymous_12)
FNDA:2,(anonymous_13)
DA:3,1
DA:9,1
DA:10,2
DA:11,2
DA:12,1
DA:14,1
DA:15,1
DA:17,0
DA:23,1
DA:24,2
DA:25,2
DA:26,2
DA:27,1
DA:29,1
DA:30,1
DA:32,0
DA:38,1
DA:39,3
DA:40,3
DA:41,3
DA:44,2
DA:45,1
DA:47,1
DA:48,1
DA:50,0
DA:56,1
DA:57,3
DA:58,3
DA:59,3
DA:60,1
DA:62,2
DA:70,1
DA:72,1
DA:73,1
DA:75,0
DA:80,1
DA:81,2
DA:82,2
DA:83,2
DA:85,2
DA:86,2
DA:87,0
DA:89,2
DA:90,0
DA:96,2
DA:97,2
DA:98,2
DA:99,2
DA:101,2
DA:102,2
DA:103,2
DA:105,2
DA:107,1
DA:108,0
DA:111,1
DA:112,1
DA:114,1
DA:119,1
DA:120,1
DA:122,0
DA:130,1
DA:131,4
DA:132,4
DA:133,4
DA:134,4
DA:136,4
DA:137,3
DA:140,2
DA:141,1
DA:143,1
DA:144,1
DA:146,1
DA:148,1
DA:149,1
DA:151,0
DA:157,1
DA:158,2
DA:159,2
DA:160,2
DA:161,2
DA:163,2
DA:164,2
DA:166,2
DA:167,1
DA:169,2
DA:170,1
DA:172,1
DA:173,1
DA:175,1
DA:177,0
DA:178,0
DA:180,0
DA:186,1
DA:187,2
DA:188,2
DA:189,2
DA:190,2
DA:191,2
DA:192,2
DA:194,2
DA:195,2
DA:197,1
DA:198,1
DA:200,1
DA:202,0
DA:203,0
DA:205,0
DA:211,1
DA:212,2
DA:213,2
DA:214,2
DA:215,2
DA:216,2
DA:218,2
DA:219,2
DA:221,2
DA:222,1
DA:224,1
DA:225,1
DA:226,1
DA:228,1
DA:230,0
DA:231,0
DA:233,0
DA:239,1
DA:240,1
DA:241,1
DA:242,1
DA:243,1
DA:244,1
DA:246,0
DA:247,0
DA:249,0
DA:255,1
DA:256,2
DA:257,2
DA:258,2
DA:259,2
DA:260,2
DA:261,1
DA:262,1
DA:264,0
DA:265,0
DA:267,0
LF:144
LH:120
BRDA:14,0,0,1
BRDA:14,0,1,0
BRDA:29,1,0,1
BRDA:29,1,1,0
BRDA:44,2,0,1
BRDA:44,2,1,1
BRDA:47,3,0,1
BRDA:47,3,1,0
BRDA:59,4,0,1
BRDA:59,4,1,2
BRDA:59,5,0,3
BRDA:59,5,1,2
BRDA:72,6,0,1
BRDA:72,6,1,0
BRDA:83,7,0,2
BRDA:83,8,0,2
BRDA:86,9,0,0
BRDA:86,9,1,2
BRDA:86,10,0,2
BRDA:86,10,1,2
BRDA:89,11,0,0
BRDA:89,11,1,2
BRDA:89,12,0,2
BRDA:89,12,1,0
BRDA:96,13,0,0
BRDA:96,13,1,2
BRDA:96,14,0,2
BRDA:96,14,1,0
BRDA:97,15,0,0
BRDA:97,15,1,2
BRDA:107,16,0,0
BRDA:107,16,1,1
BRDA:119,17,0,1
BRDA:119,17,1,0
BRDA:134,18,0,0
BRDA:134,18,1,4
BRDA:137,19,0,1
BRDA:137,19,1,2
BRDA:140,20,0,1
BRDA:140,20,1,1
BRDA:148,21,0,1
BRDA:148,21,1,0
BRDA:161,22,0,0
BRDA:161,22,1,2
BRDA:164,23,0,0
BRDA:164,23,1,2
BRDA:169,24,0,1
BRDA:169,24,1,1
BRDA:177,25,0,0
BRDA:177,25,1,0
BRDA:192,26,0,0
BRDA:192,26,1,2
BRDA:192,27,0,2
BRDA:192,27,1,2
BRDA:195,28,0,1
BRDA:195,28,1,1
BRDA:202,29,0,0
BRDA:202,29,1,0
BRDA:216,30,0,0
BRDA:216,30,1,2
BRDA:219,31,0,0
BRDA:219,31,1,2
BRDA:221,32,0,1
BRDA:221,32,1,1
BRDA:224,33,0,0
BRDA:224,33,1,1
BRDA:230,34,0,0
BRDA:230,34,1,0
BRDA:243,35,0,0
BRDA:243,35,1,1
BRDA:246,36,0,0
BRDA:246,36,1,0
BRDA:259,37,0,0
BRDA:259,37,1,2
BRDA:260,38,0,1
BRDA:260,38,1,1
BRDA:264,39,0,0
BRDA:264,39,1,0
BRF:78
BRH:46
end_of_record
TN:
SF:src\controllers\stripe.controller.ts
FN:33,(anonymous_1)
FN:43,(anonymous_2)
FN:69,(anonymous_3)
FN:93,(anonymous_4)
FN:114,(anonymous_5)
FNF:5
FNH:5
FNDA:2,(anonymous_1)
FNDA:2,(anonymous_2)
FNDA:3,(anonymous_3)
FNDA:3,(anonymous_4)
FNDA:1,(anonymous_5)
DA:1,1
DA:2,1
DA:6,1
DA:7,1
DA:9,1
DA:11,1
DA:33,1
DA:37,2
DA:38,2
DA:40,2
DA:43,2
DA:59,1
DA:61,1
DA:62,1
DA:64,0
DA:69,1
DA:70,3
DA:72,3
DA:73,1
DA:76,2
DA:77,2
DA:78,1
DA:80,1
DA:81,1
DA:83,0
DA:93,1
DA:97,3
DA:98,3
DA:99,3
DA:101,3
DA:102,2
DA:103,2
DA:105,2
DA:106,1
DA:107,1
DA:110,1
DA:112,1
DA:114,1
DA:116,1
DA:118,1
DA:125,1
DA:136,1
DA:138,1
DA:140,0
DA:141,0
DA:145,2
DA:147,0
DA:148,0
LF:48
LH:42
BRDA:61,0,0,1
BRDA:61,0,1,0
BRDA:72,1,0,1
BRDA:72,1,1,2
BRDA:80,2,0,1
BRDA:80,2,1,0
BRDA:101,3,0,2
BRDA:101,3,1,1
BRDA:105,4,0,1
BRDA:105,4,1,1
BRDA:114,5,0,1
BRDA:114,5,1,0
BRDA:119,6,0,1
BRDA:119,6,1,0
BRDA:119,7,0,1
BRDA:119,7,1,1
BRDA:119,7,2,1
BRDA:128,8,0,1
BRDA:128,8,1,0
BRDA:129,9,0,1
BRDA:129,9,1,0
BRDA:130,10,0,1
BRDA:130,10,1,0
BRF:23
BRH:16
end_of_record
TN:
SF:src\controllers\user.controller.ts
FN:5,(anonymous_1)
FN:28,(anonymous_2)
FNF:2
FNH:1
FNDA:3,(anonymous_1)
FNDA:0,(anonymous_2)
DA:2,1
DA:5,1
DA:6,3
DA:7,3
DA:8,0
DA:11,3
DA:12,2
DA:13,1
DA:16,1
DA:24,1
DA:28,1
DA:29,0
DA:30,0
DA:31,0
DA:33,0
LF:15
LH:10
BRDA:7,0,0,0
BRDA:7,0,1,3
BRDA:12,1,0,1
BRDA:12,1,1,1
BRDA:21,2,0,1
BRDA:21,2,1,0
BRF:6
BRH:4
end_of_record
TN:
SF:src\controllers\watchlist.controller.ts
FN:14,(anonymous_1)
FN:35,(anonymous_2)
FN:58,(anonymous_3)
FN:75,(anonymous_4)
FN:97,(anonymous_5)
FNF:5
FNH:5
FNDA:3,(anonymous_1)
FNDA:4,(anonymous_2)
FNDA:1,(anonymous_3)
FNDA:3,(anonymous_4)
FNDA:2,(anonymous_5)
DA:2,1
DA:3,1
DA:14,1
DA:15,3
DA:16,3
DA:18,3
DA:19,0
DA:22,3
DA:24,2
DA:25,1
DA:28,1
DA:30,1
DA:35,1
DA:36,4
DA:37,4
DA:38,4
DA:40,4
DA:41,0
DA:45,4
DA:46,1
DA:49,3
DA:51,3
DA:52,1
DA:55,2
DA:58,2
DA:59,1
DA:62,1
DA:63,1
DA:65,1
DA:70,0
DA:75,1
DA:76,3
DA:77,3
DA:78,3
DA:80,3
DA:81,0
DA:84,3
DA:85,1
DA:88,2
DA:90,2
DA:91,1
DA:94,1
DA:96,1
DA:97,2
DA:100,1
DA:102,1
DA:107,0
LF:47
LH:42
BRDA:18,0,0,0
BRDA:18,0,1,3
BRDA:24,1,0,1
BRDA:24,1,1,1
BRDA:40,2,0,0
BRDA:40,2,1,4
BRDA:45,3,0,1
BRDA:45,3,1,3
BRDA:51,4,0,1
BRDA:51,4,1,2
BRDA:58,5,0,1
BRDA:58,5,1,1
BRDA:80,6,0,0
BRDA:80,6,1,3
BRDA:84,7,0,1
BRDA:84,7,1,2
BRDA:90,8,0,1
BRDA:90,8,1,1
BRF:18
BRH:15
end_of_record
TN:
SF:src\models\Cart.ts
FNF:0
FNH:0
DA:1,3
DA:10,3
DA:24,3
DA:29,3
DA:30,3
LF:5
LH:5
BRF:0
BRH:0
end_of_record
TN:
SF:src\models\Checkout.ts
FNF:0
FNH:0
DA:1,2
DA:16,2
DA:22,2
DA:29,2
DA:30,2
LF:5
LH:5
BRF:0
BRH:0
end_of_record
TN:
SF:src\models\Content.ts
FNF:0
FNH:0
DA:1,2
DA:21,2
DA:27,2
DA:39,2
LF:4
LH:4
BRF:0
BRH:0
end_of_record
TN:
SF:src\models\Order.ts
FNF:0
FNH:0
DA:1,1
DA:18,1
DA:33,1
LF:3
LH:3
BRF:0
BRH:0
end_of_record
TN:
SF:src\models\User.ts
FN:30,(anonymous_10)
FN:37,(anonymous_11)
FNF:2
FNH:1
FNDA:0,(anonymous_10)
FNDA:1,(anonymous_11)
DA:1,4
DA:2,4
DA:17,4
DA:30,4
DA:31,0
DA:32,0
DA:33,0
DA:37,4
DA:40,1
DA:44,4
DA:45,4
LF:11
LH:8
BRDA:31,0,0,0
BRDA:31,0,1,0
BRF:2
BRH:0
end_of_record
TN:
SF:src\routes\content.routes.ts
FNF:0
FNH:0
DA:1,1
DA:2,1
DA:15,1
DA:17,1
DA:20,1
DA:23,1
DA:25,1
DA:26,1
DA:29,1
DA:33,1
DA:34,1
DA:38,1
DA:41,1
DA:44,1
DA:47,1
DA:49,1
LF:16
LH:16
BRF:0
BRH:0
end_of_record
TN:
SF:src\routes\stripe.routes.ts
FNF:0
FNH:0
DA:1,1
DA:2,1
DA:3,1
DA:5,1
DA:7,1
DA:8,1
DA:9,1
DA:13,1
LF:8
LH:8
BRF:0
BRH:0
end_of_record
TN:
SF:src\routes\user.routes.ts
FNF:0
FNH:0
DA:1,1
DA:2,1
DA:3,1
DA:5,1
DA:7,1
DA:10,1
LF:6
LH:6
BRF:0
BRH:0
end_of_record
TN:
SF:src\routes\watchlist.routes.ts
FNF:0
FNH:0
DA:1,1
DA:2,1
DA:7,1
DA:9,1
DA:11,1
DA:12,1
DA:13,1
DA:15,1
LF:8
LH:8
BRF:0
BRH:0
end_of_record
TN:
SF:src\services\stripe.service.ts
FNF:0
FNH:0
DA:1,1
DA:2,1
DA:4,1
DA:6,1
DA:10,1
LF:5
LH:5
BRF:0
BRH:0
end_of_record
